11:13:18.842 [main                     ] DEBUG Logger               - Configured Logger
11:13:18.859 [main                     ] DEBUG GameApplication      - Logging settings
Title: 复活吧我的oc
Version: 0.1
Width: 2000
Height: 1100
Fullscreen: false
Intro: false
Profiling: false
Single step:false
App Mode: DEVELOPER
Menu Key: ESCAPE
Stage Style: DECORATED
Scene Factory: class com.almasb.fxgl.app.scene.SceneFactory

11:13:19.349 [JavaFX Application Thread] DEBUG FXGLApplication      - Initializing FXGL
11:13:19.353 [JavaFX Application Thread] INFO  Engine               - FXGL-17 (31.12.2021 18.16) on WINDOWS (J:21.0.5 FX:21.0.4)
11:13:19.353 [JavaFX Application Thread] DEBUG Engine               - JRE Vendor Name: Oracle Corporation
11:13:19.355 [JavaFX Application Thread] DEBUG Engine               - Running on OS: Windows 11 version 10.0
11:13:19.355 [JavaFX Application Thread] DEBUG Engine               - Architecture: amd64
11:13:19.355 [JavaFX Application Thread] INFO  Engine               - Source code and latest versions at: https://github.com/AlmasB/FXGL
11:13:19.355 [JavaFX Application Thread] INFO  Engine               -       Ask questions and discuss at: https://github.com/AlmasB/FXGL/discussions
11:13:19.355 [JavaFX Application Thread] INFO  Engine               -              Join the FXGL chat at: https://gitter.im/AlmasB/FXGL
11:13:19.446 [JavaFX Application Thread] DEBUG PrimaryStageWindow   - Creating a JavaFX scene
11:13:19.447 [JavaFX Application Thread] DEBUG PrimaryStageWindow   - Target size > screen size
11:13:19.490 [JavaFX Application Thread] DEBUG PrimaryStageWindow   - Target settings size: 2000.0 x 1100.0
11:13:19.491 [JavaFX Application Thread] DEBUG PrimaryStageWindow   - Scaled scene size:    1468.0 x 821.0
11:13:19.491 [JavaFX Application Thread] DEBUG PrimaryStageWindow   - Scaled ratio: (0.734, 0.7463636363636363)
11:13:19.492 [JavaFX Application Thread] DEBUG PrimaryStageWindow   - Set initial scene to FXGLStartupScene
11:13:19.495 [JavaFX Application Thread] DEBUG PrimaryStageWindow   - Opening main window
11:13:19.925 [JavaFX Application Thread] DEBUG PrimaryStageWindow   - Window border size: (14.6666259765625, 37.66668701171875)
11:13:19.925 [JavaFX Application Thread] DEBUG PrimaryStageWindow   - Scaled size: 1468.0 x 821.0
11:13:19.925 [JavaFX Application Thread] DEBUG PrimaryStageWindow   - Scaled ratio: (0.734, 0.7463636363636363)
11:13:19.925 [JavaFX Application Thread] DEBUG PrimaryStageWindow   - Scene size: 1468.0 x 821.0
11:13:19.925 [JavaFX Application Thread] DEBUG PrimaryStageWindow   - Stage size: 1482.6666259765625 x 858.6666870117188
11:13:19.930 [FXGL Background Thread 1 ] DEBUG Engine               - Initializing environment variables
11:13:19.967 [FXGL Background Thread 1 ] DEBUG FXGLAssetLoaderServi - User app class for loading assets: class com.game.revivemyoc.GameApp
11:13:19.967 [FXGL Background Thread 1 ] DEBUG GameApplicationServi - Applying CSS: fxgl_dark.css
11:13:19.968 [FXGL Background Thread 1 ] DEBUG FXGLAssetLoaderServi - Loading from file system: jar:file:/C:/Users/86138/.m2/repository/com/github/AlmasB/fxgl/17/fxgl-17.jar!/fxglassets/ui/css/fxgl_dark.css
11:13:20.014 [FXGL Background Thread 1 ] DEBUG GameApplicationServi - Initializing application scenes
11:13:20.088 [FXGL Background Thread 1 ] DEBUG GameWorld            - Game world initialized
11:13:20.135 [FXGL Background Thread 1 ] DEBUG PhysicsWorld         - Physics world initialized: appHeight=1100, physics.ppm=50.0
11:13:20.135 [FXGL Background Thread 1 ] DEBUG PhysicsWorld         - Using strategy: BRUTE_FORCE
11:13:20.139 [FXGL Background Thread 1 ] DEBUG GameScene            - Game scene initialized: 2000x1100
11:13:20.151 [FXGL Background Thread 1 ] DEBUG FXGL.DefaultMenu     - createMenuBodyGameMenu()
11:13:20.164 [FXGL Background Thread 1 ] DEBUG FXGL.DefaultMenu     - createOptionsMenu()
11:13:20.170 [FXGL Background Thread 1 ] DEBUG FXGLAssetLoaderServi - Loading from file system: jar:file:/C:/Users/86138/.m2/repository/com/github/AlmasB/fxgl/17/fxgl-17.jar!/fxglassets/textures/particles/smoke.png
11:13:20.251 [FXGL Background Thread 1 ] DEBUG FXGLAssetLoaderServi - Loading from file system: jar:file:/C:/Users/86138/.m2/repository/com/github/AlmasB/fxgl/17/fxgl-17.jar!/fxglassets/textures/particles/trace_horizontal.png
11:13:20.278 [FXGL Background Thread 1 ] DEBUG GameApplicationServi - Application scenes initialized
11:13:20.288 [FXGL Background Thread 1 ] DEBUG SystemBundleService  - Loading FXGL system data
11:13:20.289 [FXGL Background Thread 1 ] DEBUG FileSystemAccess     - Reading from: D:\java\REVIVEMYOC\system\fxgl.bundle
11:13:20.292 [FXGL Background Thread 1 ] DEBUG SystemBundleService  - Bundle FXGL: {}
11:13:20.292 [FXGL Background Thread 1 ] DEBUG UpdaterService       - Checking for updates
11:13:20.295 [FXGL Background Thread 4 ] DEBUG FXGLApplication      - Loading fonts
11:13:20.295 [FXGL Background Thread 1 ] DEBUG FXGLApplication      - Loading default localization
11:13:20.295 [FXGL Background Thread 4 ] DEBUG FXGLAssetLoaderServi - Loading from file system: jar:file:/C:/Users/86138/.m2/repository/com/github/AlmasB/fxgl/17/fxgl-17.jar!/fxglassets/ui/fonts/VarelaRound-Regular.ttf
11:13:20.295 [FXGL Background Thread 1 ] DEBUG FXGLAssetLoaderServi - Loading from file system: jar:file:/C:/Users/86138/.m2/repository/com/github/AlmasB/fxgl/17/fxgl-17.jar!/fxglassets/languages/english.lang
11:13:20.301 [FXGL Background Thread 4 ] DEBUG FXGLAssetLoaderServi - Loading from file system: jar:file:/C:/Users/86138/.m2/repository/com/github/AlmasB/fxgl/17/fxgl-17.jar!/fxglassets/ui/fonts/Abel-Regular.ttf
11:13:20.309 [FXGL Background Thread 4 ] DEBUG FXGLAssetLoaderServi - Loading from file system: jar:file:/C:/Users/86138/.m2/repository/com/github/AlmasB/fxgl/17/fxgl-17.jar!/fxglassets/ui/fonts/TerminalLandMono-Regular.otf
11:13:20.315 [FXGL Background Thread 4 ] DEBUG FXGLAssetLoaderServi - Loading from file system: jar:file:/C:/Users/86138/.m2/repository/com/github/AlmasB/fxgl/17/fxgl-17.jar!/fxglassets/ui/fonts/Courier-Prime.ttf
11:13:20.321 [FXGL Background Thread 1 ] INFO  FXGLApplication      - FXGL initialization took: 0.390 sec
11:13:20.322 [JavaFX Application Thread] DEBUG FXGLAssetLoaderServi - Loading from file system: jar:file:/C:/Users/86138/.m2/repository/com/github/AlmasB/fxgl/17/fxgl-17.jar!/fxglassets/textures/fxgl_icon.png
11:13:20.341 [JavaFX Application Thread] DEBUG FXGLAssetLoaderServi - Loading from file system: jar:file:/C:/Users/86138/.m2/repository/com/github/AlmasB/fxgl/17/fxgl-17.jar!/fxglassets/textures/fxgl_default_cursor.png
11:13:20.351 [JavaFX Application Thread] DEBUG Input                - Registered new binding: Screenshot - CTRL+8
11:13:20.351 [JavaFX Application Thread] DEBUG Input                - Registered new binding: System info dump - CTRL+9
11:13:20.352 [JavaFX Application Thread] DEBUG Input                - Registered new binding: Restart - CTRL+R
11:13:20.352 [JavaFX Application Thread] DEBUG Input                - Registered new binding: Toggle Debug Camera - CTRL+7
11:13:20.355 [JavaFX Application Thread] DEBUG LoopRunner           - Starting loop
11:13:20.355 [JavaFX Application Thread] DEBUG LoopRunner           - Initializing JavaFX AnimationTimerLoop
11:13:20.357 [JavaFX Application Thread] DEBUG GameApplicationServi - Starting new game
11:13:20.358 [JavaFX Application Thread] DEBUG Input                - Clearing active input actions
11:13:20.368 [JavaFX Application Thread] DEBUG GameApplicationServi - Removing overlay from FXGLStartupScene and adding to FXGLLoadingScene
11:13:20.368 [JavaFX Application Thread] DEBUG PrimaryStageWindow   - FXGLStartupScene -> FXGLLoadingScene
11:13:20.369 [JavaFX Application Thread] DEBUG GameApplicationServi - Clearing previous game
11:13:20.369 [JavaFX Application Thread] DEBUG GameScene            - Clearing game scene
11:13:20.369 [JavaFX Application Thread] DEBUG GameWorld            - Clearing game world
11:13:20.369 [JavaFX Application Thread] DEBUG PhysicsWorld         - Clearing physics world
11:13:20.371 [FXGL Background Thread 4 ] DEBUG FXGLApplication      - Initializing game
11:13:20.371 [JavaFX Application Thread] DEBUG FXGLApplication      - Registering font factories with UI factory
11:13:20.374 [FXGL Background Thread 4 ] DEBUG FXGLAssetLoaderServi - Loading from file system: file:/D:/java/REVIVEMYOC/target/classes/assets/textures/boat.png
11:13:20.456 [FXGL Background Thread 4 ] DEBUG FXGLAssetLoaderServi - Loading from file system: file:/D:/java/REVIVEMYOC/target/classes/assets/textures/load%20in.png
11:13:20.476 [FXGL Background Thread 4 ] INFO  FXGLApplication      - Game initialization took: 0.105 sec
11:13:20.510 [JavaFX Application Thread] DEBUG Input                - Clearing active input actions
11:13:20.517 [JavaFX Application Thread] DEBUG GameApplicationServi - Removing overlay from FXGLLoadingScene and adding to GameScene
11:13:20.517 [JavaFX Application Thread] DEBUG PrimaryStageWindow   - FXGLLoadingScene -> GameScene
11:13:23.294 [FXGL Background Thread 3 ] DEBUG Engine               - Logging environment variables
11:13:23.294 [FXGL Background Thread 3 ] DEBUG Engine               - achievements: []
11:13:23.294 [FXGL Background Thread 3 ] DEBUG Engine               - actualHeight: 821.0
11:13:23.295 [FXGL Background Thread 3 ] DEBUG Engine               - actualHeightProperty: ReadOnlyDoubleProperty [value: 821.0]
11:13:23.295 [FXGL Background Thread 3 ] DEBUG Engine               - actualWidth: 1468.0
11:13:23.295 [FXGL Background Thread 3 ] DEBUG Engine               - actualWidthProperty: ReadOnlyDoubleProperty [value: 1468.0]
11:13:23.295 [FXGL Background Thread 3 ] DEBUG Engine               - appIcon: fxgl_icon.png
11:13:23.295 [FXGL Background Thread 3 ] DEBUG Engine               - applicationMode: DEVELOPER
11:13:23.295 [FXGL Background Thread 3 ] DEBUG Engine               - cSSList: [fxgl_dark.css]
11:13:23.295 [FXGL Background Thread 3 ] DEBUG Engine               - collisionDetectionStrategy: BRUTE_FORCE
11:13:23.295 [FXGL Background Thread 3 ] DEBUG Engine               - configClass: Optional.empty
11:13:23.295 [FXGL Background Thread 3 ] DEBUG Engine               - credits: []
11:13:23.295 [FXGL Background Thread 3 ] DEBUG Engine               - defaultCursor: CursorInfo(imageName=fxgl_default_cursor.png, hotspotX=7.0, hotspotY=6.0)
11:13:23.295 [FXGL Background Thread 3 ] DEBUG Engine               - devBBoxColorProperty: ObjectProperty [value: 0xff0000ff]
11:13:23.296 [FXGL Background Thread 3 ] DEBUG Engine               - devEnableDebugCameraProperty: BooleanProperty [value: false]
11:13:23.296 [FXGL Background Thread 3 ] DEBUG Engine               - devSensorColorProperty: ObjectProperty [value: 0xffff00ff]
11:13:23.296 [FXGL Background Thread 3 ] DEBUG Engine               - devShowBBoxProperty: BooleanProperty [value: false]
11:13:23.296 [FXGL Background Thread 3 ] DEBUG Engine               - devShowPositionProperty: BooleanProperty [value: false]
11:13:23.296 [FXGL Background Thread 3 ] DEBUG Engine               - enabledMenuItems: []
11:13:23.296 [FXGL Background Thread 3 ] DEBUG Engine               - engineServices: [class com.almasb.fxgl.app.services.FXGLAssetLoaderService, class com.almasb.fxgl.app.FXGLApplication$GameApplicationService, class com.almasb.fxgl.app.services.FXGLDialogService, class com.almasb.fxgl.app.services.IOTaskExecutorService, class com.almasb.fxgl.io.FileSystemService, class com.almasb.fxgl.localization.LocalizationService, class com.almasb.fxgl.app.services.SystemBundleService, class com.almasb.fxgl.profile.SaveLoadService, class com.almasb.fxgl.ui.FXGLUIFactoryServiceProvider, class com.almasb.fxgl.ui.FXGLDialogFactoryServiceProvider, class com.almasb.fxgl.audio.AudioPlayer, class com.almasb.fxgl.notification.impl.NotificationServiceProvider, class com.almasb.fxgl.achievement.AchievementService, class com.almasb.fxgl.cutscene.CutsceneService, class com.almasb.fxgl.minigames.MiniGameService, class com.almasb.fxgl.net.NetService, class com.almasb.fxgl.app.services.UpdaterService, class com.almasb.fxgl.dev.DevService]
11:13:23.296 [FXGL Background Thread 3 ] DEBUG Engine               - fontGame: Abel-Regular.ttf
11:13:23.296 [FXGL Background Thread 3 ] DEBUG Engine               - fontMono: TerminalLandMono-Regular.otf
11:13:23.296 [FXGL Background Thread 3 ] DEBUG Engine               - fontText: Courier-Prime.ttf
11:13:23.296 [FXGL Background Thread 3 ] DEBUG Engine               - fontUI: VarelaRound-Regular.ttf
11:13:23.297 [FXGL Background Thread 3 ] DEBUG Engine               - fullScreen: BooleanProperty [value: false]
11:13:23.297 [FXGL Background Thread 3 ] DEBUG Engine               - gameDifficulty: MEDIUM
11:13:23.297 [FXGL Background Thread 3 ] DEBUG Engine               - gameDifficultyProperty: ObjectProperty [value: MEDIUM]
11:13:23.297 [FXGL Background Thread 3 ] DEBUG Engine               - globalMusicVolume: 0.5
11:13:23.297 [FXGL Background Thread 3 ] DEBUG Engine               - globalMusicVolumeProperty: DoubleProperty [value: 0.5]
11:13:23.297 [FXGL Background Thread 3 ] DEBUG Engine               - globalSoundVolume: 0.5
11:13:23.297 [FXGL Background Thread 3 ] DEBUG Engine               - globalSoundVolumeProperty: DoubleProperty [value: 0.5]
11:13:23.297 [FXGL Background Thread 3 ] DEBUG Engine               - height: 1100
11:13:23.297 [FXGL Background Thread 3 ] DEBUG Engine               - is3D: false
11:13:23.297 [FXGL Background Thread 3 ] DEBUG Engine               - isAndroid: false
11:13:23.297 [FXGL Background Thread 3 ] DEBUG Engine               - isBrowser: false
11:13:23.297 [FXGL Background Thread 3 ] DEBUG Engine               - isClickFeedbackEnabled: false
11:13:23.297 [FXGL Background Thread 3 ] DEBUG Engine               - isCloseConfirmation: false
11:13:23.297 [FXGL Background Thread 3 ] DEBUG Engine               - isDesktop: true
11:13:23.297 [FXGL Background Thread 3 ] DEBUG Engine               - isDeveloperMenuEnabled: false
11:13:23.297 [FXGL Background Thread 3 ] DEBUG Engine               - isEmbedded: false
11:13:23.297 [FXGL Background Thread 3 ] DEBUG Engine               - isEntityPreloadEnabled: true
11:13:23.297 [FXGL Background Thread 3 ] DEBUG Engine               - isExperimentalTiledLargeMap: false
11:13:23.297 [FXGL Background Thread 3 ] DEBUG Engine               - isFileSystemWriteAllowed: true
11:13:23.297 [FXGL Background Thread 3 ] DEBUG Engine               - isFullScreenAllowed: false
11:13:23.297 [FXGL Background Thread 3 ] DEBUG Engine               - isFullScreenFromStart: false
11:13:23.297 [FXGL Background Thread 3 ] DEBUG Engine               - isGameMenuEnabled: true
11:13:23.298 [FXGL Background Thread 3 ] DEBUG Engine               - isIOS: false
11:13:23.298 [FXGL Background Thread 3 ] DEBUG Engine               - isIntroEnabled: false
11:13:23.298 [FXGL Background Thread 3 ] DEBUG Engine               - isLinux: false
11:13:23.298 [FXGL Background Thread 3 ] DEBUG Engine               - isMac: false
11:13:23.298 [FXGL Background Thread 3 ] DEBUG Engine               - isMainMenuEnabled: false
11:13:23.298 [FXGL Background Thread 3 ] DEBUG Engine               - isManualResizeEnabled: false
11:13:23.298 [FXGL Background Thread 3 ] DEBUG Engine               - isMobile: false
11:13:23.298 [FXGL Background Thread 3 ] DEBUG Engine               - isNative: false
11:13:23.298 [FXGL Background Thread 3 ] DEBUG Engine               - isPauseMusicWhenMinimized: true
11:13:23.298 [FXGL Background Thread 3 ] DEBUG Engine               - isPreserveResizeRatio: false
11:13:23.298 [FXGL Background Thread 3 ] DEBUG Engine               - isProfilingEnabled: false
11:13:23.298 [FXGL Background Thread 3 ] DEBUG Engine               - isScaleAffectedOnResize: true
11:13:23.298 [FXGL Background Thread 3 ] DEBUG Engine               - isSingleStep: false
11:13:23.298 [FXGL Background Thread 3 ] DEBUG Engine               - isUserProfileEnabled: false
11:13:23.298 [FXGL Background Thread 3 ] DEBUG Engine               - isWindows: true
11:13:23.298 [FXGL Background Thread 3 ] DEBUG Engine               - language: ObjectProperty [value: ENGLISH]
11:13:23.298 [FXGL Background Thread 3 ] DEBUG Engine               - menuKey: ESCAPE
11:13:23.298 [FXGL Background Thread 3 ] DEBUG Engine               - mouseSensitivity: 0.2
11:13:23.298 [FXGL Background Thread 3 ] DEBUG Engine               - notificationViewClass: class com.almasb.fxgl.notification.view.XboxNotificationView
11:13:23.298 [FXGL Background Thread 3 ] DEBUG Engine               - pixelsPerMeter: 50.0
11:13:23.298 [FXGL Background Thread 3 ] DEBUG Engine               - platform: WINDOWS
11:13:23.298 [FXGL Background Thread 3 ] DEBUG Engine               - prefHeightProperty: ReadOnlyDoubleProperty [value: 1100.0]
11:13:23.298 [FXGL Background Thread 3 ] DEBUG Engine               - prefWidthProperty: ReadOnlyDoubleProperty [value: 2000.0]
11:13:23.299 [FXGL Background Thread 3 ] DEBUG Engine               - profileDir: profiles/
11:13:23.299 [FXGL Background Thread 3 ] DEBUG Engine               - profileName: StringProperty [value: DEFAULT]
11:13:23.299 [FXGL Background Thread 3 ] DEBUG Engine               - randomSeed: -1
11:13:23.299 [FXGL Background Thread 3 ] DEBUG Engine               - runtimeInfo: RuntimeInfo(platform=WINDOWS, version=17, build=31.12.2021 18.16)
11:13:23.299 [FXGL Background Thread 3 ] DEBUG Engine               - saveFileExt: sav
11:13:23.299 [FXGL Background Thread 3 ] DEBUG Engine               - scaledHeightProp$fxgl: DoubleProperty [bound, value: 821.0]
11:13:23.299 [FXGL Background Thread 3 ] DEBUG Engine               - scaledWidthProp$fxgl: DoubleProperty [bound, value: 1468.0]
11:13:23.299 [FXGL Background Thread 3 ] DEBUG Engine               - sceneFactory: com.almasb.fxgl.app.scene.SceneFactory@391ce8ee
11:13:23.299 [FXGL Background Thread 3 ] DEBUG Engine               - secondsIn24h: 60
11:13:23.299 [FXGL Background Thread 3 ] DEBUG Engine               - soundMenuBack: menu/back.wav
11:13:23.299 [FXGL Background Thread 3 ] DEBUG Engine               - soundMenuPress: menu/press.wav
11:13:23.299 [FXGL Background Thread 3 ] DEBUG Engine               - soundMenuSelect: menu/select.wav
11:13:23.299 [FXGL Background Thread 3 ] DEBUG Engine               - soundNotification: core/notification.wav
11:13:23.299 [FXGL Background Thread 3 ] DEBUG Engine               - stageStyle: DECORATED
11:13:23.299 [FXGL Background Thread 3 ] DEBUG Engine               - supportedLanguages: [ENGLISH, FRENCH, GERMAN, HUNGARIAN, RUSSIAN]
11:13:23.299 [FXGL Background Thread 3 ] DEBUG Engine               - ticksPerSecond: -1
11:13:23.299 [FXGL Background Thread 3 ] DEBUG Engine               - title: 复活吧我的oc
11:13:23.299 [FXGL Background Thread 3 ] DEBUG Engine               - urlGithub: https://github.com/AlmasB/FXGL
11:13:23.299 [FXGL Background Thread 3 ] DEBUG Engine               - urlLeaderboard: http://fxgl-top.herokuapp.com/
11:13:23.300 [FXGL Background Thread 3 ] DEBUG Engine               - urlPOM: https://raw.githubusercontent.com/AlmasB/FXGL/release/README.md
11:13:23.300 [FXGL Background Thread 3 ] DEBUG Engine               - userAppClass: class com.game.revivemyoc.GameApp
11:13:23.300 [FXGL Background Thread 3 ] DEBUG Engine               - version: 0.1
11:13:23.300 [FXGL Background Thread 3 ] DEBUG Engine               - versionCheckDays: 7
11:13:23.300 [FXGL Background Thread 3 ] DEBUG Engine               - width: 2000
11:13:23.300 [FXGL Background Thread 3 ] DEBUG Engine               - Logging services
11:13:23.300 [FXGL Background Thread 3 ] DEBUG Engine               - class com.almasb.fxgl.app.services.FXGLAssetLoaderService
11:13:23.300 [FXGL Background Thread 3 ] DEBUG Engine               - class com.almasb.fxgl.app.FXGLApplication$GameApplicationService
11:13:23.300 [FXGL Background Thread 3 ] DEBUG Engine               - class com.almasb.fxgl.app.services.FXGLDialogService
11:13:23.300 [FXGL Background Thread 3 ] DEBUG Engine               - class com.almasb.fxgl.app.services.IOTaskExecutorService
11:13:23.300 [FXGL Background Thread 3 ] DEBUG Engine               - class com.almasb.fxgl.io.FileSystemService
11:13:23.300 [FXGL Background Thread 3 ] DEBUG Engine               - class com.almasb.fxgl.localization.LocalizationService
11:13:23.300 [FXGL Background Thread 3 ] DEBUG Engine               - class com.almasb.fxgl.app.services.SystemBundleService
11:13:23.300 [FXGL Background Thread 3 ] DEBUG Engine               - class com.almasb.fxgl.profile.SaveLoadService
11:13:23.300 [FXGL Background Thread 3 ] DEBUG Engine               - class com.almasb.fxgl.ui.FXGLUIFactoryServiceProvider
11:13:23.300 [FXGL Background Thread 3 ] DEBUG Engine               - class com.almasb.fxgl.ui.FXGLDialogFactoryServiceProvider
11:13:23.300 [FXGL Background Thread 3 ] DEBUG Engine               - class com.almasb.fxgl.audio.AudioPlayer
11:13:23.300 [FXGL Background Thread 3 ] DEBUG Engine               - class com.almasb.fxgl.notification.impl.NotificationServiceProvider
11:13:23.300 [FXGL Background Thread 3 ] DEBUG Engine               - class com.almasb.fxgl.achievement.AchievementService
11:13:23.300 [FXGL Background Thread 3 ] DEBUG Engine               - class com.almasb.fxgl.cutscene.CutsceneService
11:13:23.301 [FXGL Background Thread 3 ] DEBUG Engine               - class com.almasb.fxgl.minigames.MiniGameService
11:13:23.301 [FXGL Background Thread 3 ] DEBUG Engine               - class com.almasb.fxgl.net.NetService
11:13:23.301 [FXGL Background Thread 3 ] DEBUG Engine               - class com.almasb.fxgl.app.services.UpdaterService
11:13:23.301 [FXGL Background Thread 3 ] DEBUG Engine               - class com.almasb.fxgl.dev.DevService
11:13:26.714 [JavaFX Application Thread] DEBUG FXGLApplication      - Exiting FXGL
11:13:26.714 [JavaFX Application Thread] DEBUG LoopRunner           - Stopping loop
11:13:26.714 [JavaFX Application Thread] DEBUG SystemBundleService  - Saving FXGL system data
11:13:26.715 [JavaFX Application Thread] DEBUG FileSystemAccess     - Writing to: D:\java\REVIVEMYOC\system\fxgl.bundle
11:13:26.716 [JavaFX Application Thread] DEBUG Async                - Shutting down background threads
11:13:26.716 [JavaFX Application Thread] DEBUG PrimaryStageWindow   - Closing main window
11:13:26.734 [JavaFX Application Thread] DEBUG Logger               - Closing Logger
