11:15:53.544 [main                     ] DEBUG Logger               - Configured Logger
11:15:53.561 [main                     ] DEBUG GameApplication      - Logging settings
Title: 复活吧我的oc
Version: 0.1
Width: 2000
Height: 1100
Fullscreen: false
Intro: false
Profiling: false
Single step:false
App Mode: DEVELOPER
Menu Key: ESCAPE
Stage Style: DECORATED
Scene Factory: class com.almasb.fxgl.app.scene.SceneFactory

11:15:54.036 [JavaFX Application Thread] DEBUG FXGLApplication      - Initializing FXGL
11:15:54.039 [JavaFX Application Thread] INFO  Engine               - FXGL-17 (31.12.2021 18.16) on WINDOWS (J:21.0.5 FX:21.0.4)
11:15:54.040 [JavaFX Application Thread] DEBUG Engine               - JRE Vendor Name: Oracle Corporation
11:15:54.040 [JavaFX Application Thread] DEBUG Engine               - Running on OS: Windows 11 version 10.0
11:15:54.040 [JavaFX Application Thread] DEBUG Engine               - Architecture: amd64
11:15:54.040 [JavaFX Application Thread] INFO  Engine               - Source code and latest versions at: https://github.com/AlmasB/FXGL
11:15:54.040 [JavaFX Application Thread] INFO  Engine               -       Ask questions and discuss at: https://github.com/AlmasB/FXGL/discussions
11:15:54.040 [JavaFX Application Thread] INFO  Engine               -              Join the FXGL chat at: https://gitter.im/AlmasB/FXGL
11:15:54.137 [JavaFX Application Thread] DEBUG PrimaryStageWindow   - Creating a JavaFX scene
11:15:54.137 [JavaFX Application Thread] DEBUG PrimaryStageWindow   - Target size > screen size
11:15:54.182 [JavaFX Application Thread] DEBUG PrimaryStageWindow   - Target settings size: 2000.0 x 1100.0
11:15:54.182 [JavaFX Application Thread] DEBUG PrimaryStageWindow   - Scaled scene size:    1468.0 x 821.0
11:15:54.182 [JavaFX Application Thread] DEBUG PrimaryStageWindow   - Scaled ratio: (0.734, 0.7463636363636363)
11:15:54.183 [JavaFX Application Thread] DEBUG PrimaryStageWindow   - Set initial scene to FXGLStartupScene
11:15:54.185 [JavaFX Application Thread] DEBUG PrimaryStageWindow   - Opening main window
11:15:54.605 [JavaFX Application Thread] DEBUG PrimaryStageWindow   - Window border size: (14.6666259765625, 37.66668701171875)
11:15:54.605 [JavaFX Application Thread] DEBUG PrimaryStageWindow   - Scaled size: 1468.0 x 821.0
11:15:54.605 [JavaFX Application Thread] DEBUG PrimaryStageWindow   - Scaled ratio: (0.734, 0.7463636363636363)
11:15:54.606 [JavaFX Application Thread] DEBUG PrimaryStageWindow   - Scene size: 1468.0 x 821.0
11:15:54.606 [JavaFX Application Thread] DEBUG PrimaryStageWindow   - Stage size: 1482.6666259765625 x 858.6666870117188
11:15:54.611 [FXGL Background Thread 1 ] DEBUG Engine               - Initializing environment variables
11:15:54.642 [FXGL Background Thread 1 ] DEBUG FXGLAssetLoaderServi - User app class for loading assets: class com.game.revivemyoc.GameApp
11:15:54.642 [FXGL Background Thread 1 ] DEBUG GameApplicationServi - Applying CSS: fxgl_dark.css
11:15:54.643 [FXGL Background Thread 1 ] DEBUG FXGLAssetLoaderServi - Loading from file system: jar:file:/C:/Users/86138/.m2/repository/com/github/AlmasB/fxgl/17/fxgl-17.jar!/fxglassets/ui/css/fxgl_dark.css
11:15:54.679 [FXGL Background Thread 1 ] DEBUG GameApplicationServi - Initializing application scenes
11:15:54.749 [FXGL Background Thread 1 ] DEBUG GameWorld            - Game world initialized
11:15:54.802 [FXGL Background Thread 1 ] DEBUG PhysicsWorld         - Physics world initialized: appHeight=1100, physics.ppm=50.0
11:15:54.802 [FXGL Background Thread 1 ] DEBUG PhysicsWorld         - Using strategy: BRUTE_FORCE
11:15:54.806 [FXGL Background Thread 1 ] DEBUG GameScene            - Game scene initialized: 2000x1100
11:15:54.817 [FXGL Background Thread 1 ] DEBUG FXGL.DefaultMenu     - createMenuBodyGameMenu()
11:15:54.830 [FXGL Background Thread 1 ] DEBUG FXGL.DefaultMenu     - createOptionsMenu()
11:15:54.838 [FXGL Background Thread 1 ] DEBUG FXGLAssetLoaderServi - Loading from file system: jar:file:/C:/Users/86138/.m2/repository/com/github/AlmasB/fxgl/17/fxgl-17.jar!/fxglassets/textures/particles/smoke.png
11:15:54.921 [FXGL Background Thread 1 ] DEBUG FXGLAssetLoaderServi - Loading from file system: jar:file:/C:/Users/86138/.m2/repository/com/github/AlmasB/fxgl/17/fxgl-17.jar!/fxglassets/textures/particles/trace_horizontal.png
11:15:54.949 [FXGL Background Thread 1 ] DEBUG GameApplicationServi - Application scenes initialized
11:15:54.960 [FXGL Background Thread 1 ] DEBUG SystemBundleService  - Loading FXGL system data
11:15:54.962 [FXGL Background Thread 1 ] DEBUG FileSystemAccess     - Reading from: D:\java\REVIVEMYOC\system\fxgl.bundle
11:15:54.964 [FXGL Background Thread 1 ] DEBUG SystemBundleService  - Bundle FXGL: {}
11:15:54.964 [FXGL Background Thread 1 ] DEBUG UpdaterService       - Checking for updates
11:15:54.967 [FXGL Background Thread 4 ] DEBUG FXGLApplication      - Loading fonts
11:15:54.967 [FXGL Background Thread 1 ] DEBUG FXGLApplication      - Loading default localization
11:15:54.967 [FXGL Background Thread 4 ] DEBUG FXGLAssetLoaderServi - Loading from file system: jar:file:/C:/Users/86138/.m2/repository/com/github/AlmasB/fxgl/17/fxgl-17.jar!/fxglassets/ui/fonts/VarelaRound-Regular.ttf
11:15:54.967 [FXGL Background Thread 1 ] DEBUG FXGLAssetLoaderServi - Loading from file system: jar:file:/C:/Users/86138/.m2/repository/com/github/AlmasB/fxgl/17/fxgl-17.jar!/fxglassets/languages/english.lang
11:15:54.978 [FXGL Background Thread 4 ] DEBUG FXGLAssetLoaderServi - Loading from file system: jar:file:/C:/Users/86138/.m2/repository/com/github/AlmasB/fxgl/17/fxgl-17.jar!/fxglassets/ui/fonts/Abel-Regular.ttf
11:15:54.984 [FXGL Background Thread 4 ] DEBUG FXGLAssetLoaderServi - Loading from file system: jar:file:/C:/Users/86138/.m2/repository/com/github/AlmasB/fxgl/17/fxgl-17.jar!/fxglassets/ui/fonts/TerminalLandMono-Regular.otf
11:15:54.987 [FXGL Background Thread 4 ] DEBUG FXGLAssetLoaderServi - Loading from file system: jar:file:/C:/Users/86138/.m2/repository/com/github/AlmasB/fxgl/17/fxgl-17.jar!/fxglassets/ui/fonts/Courier-Prime.ttf
11:15:54.991 [JavaFX Application Thread] DEBUG FXGLApplication      - Registering font factories with UI factory
11:15:54.993 [FXGL Background Thread 1 ] INFO  FXGLApplication      - FXGL initialization took: 0.382 sec
11:15:54.994 [JavaFX Application Thread] DEBUG FXGLAssetLoaderServi - Loading from file system: jar:file:/C:/Users/86138/.m2/repository/com/github/AlmasB/fxgl/17/fxgl-17.jar!/fxglassets/textures/fxgl_icon.png
11:15:55.012 [JavaFX Application Thread] DEBUG FXGLAssetLoaderServi - Loading from file system: jar:file:/C:/Users/86138/.m2/repository/com/github/AlmasB/fxgl/17/fxgl-17.jar!/fxglassets/textures/fxgl_default_cursor.png
11:15:55.021 [JavaFX Application Thread] DEBUG Input                - Registered new binding: Screenshot - CTRL+8
11:15:55.021 [JavaFX Application Thread] DEBUG Input                - Registered new binding: System info dump - CTRL+9
11:15:55.022 [JavaFX Application Thread] DEBUG Input                - Registered new binding: Restart - CTRL+R
11:15:55.022 [JavaFX Application Thread] DEBUG Input                - Registered new binding: Toggle Debug Camera - CTRL+7
11:15:55.025 [JavaFX Application Thread] DEBUG LoopRunner           - Starting loop
11:15:55.025 [JavaFX Application Thread] DEBUG LoopRunner           - Initializing JavaFX AnimationTimerLoop
11:15:55.027 [JavaFX Application Thread] DEBUG GameApplicationServi - Starting new game
11:15:55.028 [JavaFX Application Thread] DEBUG Input                - Clearing active input actions
11:15:55.038 [JavaFX Application Thread] DEBUG GameApplicationServi - Removing overlay from FXGLStartupScene and adding to FXGLLoadingScene
11:15:55.038 [JavaFX Application Thread] DEBUG PrimaryStageWindow   - FXGLStartupScene -> FXGLLoadingScene
11:15:55.038 [JavaFX Application Thread] DEBUG GameApplicationServi - Clearing previous game
11:15:55.038 [JavaFX Application Thread] DEBUG GameScene            - Clearing game scene
11:15:55.038 [JavaFX Application Thread] DEBUG GameWorld            - Clearing game world
11:15:55.038 [JavaFX Application Thread] DEBUG PhysicsWorld         - Clearing physics world
11:15:55.040 [FXGL Background Thread 1 ] DEBUG FXGLApplication      - Initializing game
11:15:55.044 [FXGL Background Thread 1 ] DEBUG FXGLAssetLoaderServi - Loading from file system: file:/D:/java/REVIVEMYOC/target/classes/assets/textures/boat.png
11:15:55.114 [FXGL Background Thread 1 ] DEBUG FXGLAssetLoaderServi - Loading from file system: file:/D:/java/REVIVEMYOC/target/classes/assets/textures/load%20in.png
11:15:55.140 [FXGL Background Thread 1 ] INFO  FXGLApplication      - Game initialization took: 0.099 sec
11:15:55.140 [JavaFX Application Thread] DEBUG Input                - Clearing active input actions
11:15:55.147 [JavaFX Application Thread] DEBUG GameApplicationServi - Removing overlay from FXGLLoadingScene and adding to GameScene
11:15:55.147 [JavaFX Application Thread] DEBUG PrimaryStageWindow   - FXGLLoadingScene -> GameScene
11:15:57.968 [FXGL Background Thread 3 ] DEBUG Engine               - Logging environment variables
11:15:57.968 [FXGL Background Thread 3 ] DEBUG Engine               - achievements: []
11:15:57.968 [FXGL Background Thread 3 ] DEBUG Engine               - actualHeight: 821.0
11:15:57.968 [FXGL Background Thread 3 ] DEBUG Engine               - actualHeightProperty: ReadOnlyDoubleProperty [value: 821.0]
11:15:57.968 [FXGL Background Thread 3 ] DEBUG Engine               - actualWidth: 1468.0
11:15:57.968 [FXGL Background Thread 3 ] DEBUG Engine               - actualWidthProperty: ReadOnlyDoubleProperty [value: 1468.0]
11:15:57.968 [FXGL Background Thread 3 ] DEBUG Engine               - appIcon: fxgl_icon.png
11:15:57.969 [FXGL Background Thread 3 ] DEBUG Engine               - applicationMode: DEVELOPER
11:15:57.969 [FXGL Background Thread 3 ] DEBUG Engine               - cSSList: [fxgl_dark.css]
11:15:57.969 [FXGL Background Thread 3 ] DEBUG Engine               - collisionDetectionStrategy: BRUTE_FORCE
11:15:57.969 [FXGL Background Thread 3 ] DEBUG Engine               - configClass: Optional.empty
11:15:57.969 [FXGL Background Thread 3 ] DEBUG Engine               - credits: []
11:15:57.969 [FXGL Background Thread 3 ] DEBUG Engine               - defaultCursor: CursorInfo(imageName=fxgl_default_cursor.png, hotspotX=7.0, hotspotY=6.0)
11:15:57.969 [FXGL Background Thread 3 ] DEBUG Engine               - devBBoxColorProperty: ObjectProperty [value: 0xff0000ff]
11:15:57.969 [FXGL Background Thread 3 ] DEBUG Engine               - devEnableDebugCameraProperty: BooleanProperty [value: false]
11:15:57.969 [FXGL Background Thread 3 ] DEBUG Engine               - devSensorColorProperty: ObjectProperty [value: 0xffff00ff]
11:15:57.969 [FXGL Background Thread 3 ] DEBUG Engine               - devShowBBoxProperty: BooleanProperty [value: false]
11:15:57.969 [FXGL Background Thread 3 ] DEBUG Engine               - devShowPositionProperty: BooleanProperty [value: false]
11:15:57.970 [FXGL Background Thread 3 ] DEBUG Engine               - enabledMenuItems: []
11:15:57.970 [FXGL Background Thread 3 ] DEBUG Engine               - engineServices: [class com.almasb.fxgl.app.services.FXGLAssetLoaderService, class com.almasb.fxgl.app.FXGLApplication$GameApplicationService, class com.almasb.fxgl.app.services.FXGLDialogService, class com.almasb.fxgl.app.services.IOTaskExecutorService, class com.almasb.fxgl.io.FileSystemService, class com.almasb.fxgl.localization.LocalizationService, class com.almasb.fxgl.app.services.SystemBundleService, class com.almasb.fxgl.profile.SaveLoadService, class com.almasb.fxgl.ui.FXGLUIFactoryServiceProvider, class com.almasb.fxgl.ui.FXGLDialogFactoryServiceProvider, class com.almasb.fxgl.audio.AudioPlayer, class com.almasb.fxgl.notification.impl.NotificationServiceProvider, class com.almasb.fxgl.achievement.AchievementService, class com.almasb.fxgl.cutscene.CutsceneService, class com.almasb.fxgl.minigames.MiniGameService, class com.almasb.fxgl.net.NetService, class com.almasb.fxgl.app.services.UpdaterService, class com.almasb.fxgl.dev.DevService]
11:15:57.970 [FXGL Background Thread 3 ] DEBUG Engine               - fontGame: Abel-Regular.ttf
11:15:57.970 [FXGL Background Thread 3 ] DEBUG Engine               - fontMono: TerminalLandMono-Regular.otf
11:15:57.970 [FXGL Background Thread 3 ] DEBUG Engine               - fontText: Courier-Prime.ttf
11:15:57.970 [FXGL Background Thread 3 ] DEBUG Engine               - fontUI: VarelaRound-Regular.ttf
11:15:57.970 [FXGL Background Thread 3 ] DEBUG Engine               - fullScreen: BooleanProperty [value: false]
11:15:57.970 [FXGL Background Thread 3 ] DEBUG Engine               - gameDifficulty: MEDIUM
11:15:57.970 [FXGL Background Thread 3 ] DEBUG Engine               - gameDifficultyProperty: ObjectProperty [value: MEDIUM]
11:15:57.970 [FXGL Background Thread 3 ] DEBUG Engine               - globalMusicVolume: 0.5
11:15:57.970 [FXGL Background Thread 3 ] DEBUG Engine               - globalMusicVolumeProperty: DoubleProperty [value: 0.5]
11:15:57.970 [FXGL Background Thread 3 ] DEBUG Engine               - globalSoundVolume: 0.5
11:15:57.970 [FXGL Background Thread 3 ] DEBUG Engine               - globalSoundVolumeProperty: DoubleProperty [value: 0.5]
11:15:57.970 [FXGL Background Thread 3 ] DEBUG Engine               - height: 1100
11:15:57.970 [FXGL Background Thread 3 ] DEBUG Engine               - is3D: false
11:15:57.970 [FXGL Background Thread 3 ] DEBUG Engine               - isAndroid: false
11:15:57.970 [FXGL Background Thread 3 ] DEBUG Engine               - isBrowser: false
11:15:57.970 [FXGL Background Thread 3 ] DEBUG Engine               - isClickFeedbackEnabled: false
11:15:57.970 [FXGL Background Thread 3 ] DEBUG Engine               - isCloseConfirmation: false
11:15:57.971 [FXGL Background Thread 3 ] DEBUG Engine               - isDesktop: true
11:15:57.971 [FXGL Background Thread 3 ] DEBUG Engine               - isDeveloperMenuEnabled: false
11:15:57.971 [FXGL Background Thread 3 ] DEBUG Engine               - isEmbedded: false
11:15:57.971 [FXGL Background Thread 3 ] DEBUG Engine               - isEntityPreloadEnabled: true
11:15:57.971 [FXGL Background Thread 3 ] DEBUG Engine               - isExperimentalTiledLargeMap: false
11:15:57.971 [FXGL Background Thread 3 ] DEBUG Engine               - isFileSystemWriteAllowed: true
11:15:57.971 [FXGL Background Thread 3 ] DEBUG Engine               - isFullScreenAllowed: false
11:15:57.971 [FXGL Background Thread 3 ] DEBUG Engine               - isFullScreenFromStart: false
11:15:57.971 [FXGL Background Thread 3 ] DEBUG Engine               - isGameMenuEnabled: true
11:15:57.971 [FXGL Background Thread 3 ] DEBUG Engine               - isIOS: false
11:15:57.971 [FXGL Background Thread 3 ] DEBUG Engine               - isIntroEnabled: false
11:15:57.971 [FXGL Background Thread 3 ] DEBUG Engine               - isLinux: false
11:15:57.971 [FXGL Background Thread 3 ] DEBUG Engine               - isMac: false
11:15:57.971 [FXGL Background Thread 3 ] DEBUG Engine               - isMainMenuEnabled: false
11:15:57.971 [FXGL Background Thread 3 ] DEBUG Engine               - isManualResizeEnabled: false
11:15:57.971 [FXGL Background Thread 3 ] DEBUG Engine               - isMobile: false
11:15:57.971 [FXGL Background Thread 3 ] DEBUG Engine               - isNative: false
11:15:57.971 [FXGL Background Thread 3 ] DEBUG Engine               - isPauseMusicWhenMinimized: true
11:15:57.971 [FXGL Background Thread 3 ] DEBUG Engine               - isPreserveResizeRatio: false
11:15:57.971 [FXGL Background Thread 3 ] DEBUG Engine               - isProfilingEnabled: false
11:15:57.971 [FXGL Background Thread 3 ] DEBUG Engine               - isScaleAffectedOnResize: true
11:15:57.971 [FXGL Background Thread 3 ] DEBUG Engine               - isSingleStep: false
11:15:57.971 [FXGL Background Thread 3 ] DEBUG Engine               - isUserProfileEnabled: false
11:15:57.971 [FXGL Background Thread 3 ] DEBUG Engine               - isWindows: true
11:15:57.972 [FXGL Background Thread 3 ] DEBUG Engine               - language: ObjectProperty [value: ENGLISH]
11:15:57.972 [FXGL Background Thread 3 ] DEBUG Engine               - menuKey: ESCAPE
11:15:57.972 [FXGL Background Thread 3 ] DEBUG Engine               - mouseSensitivity: 0.2
11:15:57.972 [FXGL Background Thread 3 ] DEBUG Engine               - notificationViewClass: class com.almasb.fxgl.notification.view.XboxNotificationView
11:15:57.972 [FXGL Background Thread 3 ] DEBUG Engine               - pixelsPerMeter: 50.0
11:15:57.972 [FXGL Background Thread 3 ] DEBUG Engine               - platform: WINDOWS
11:15:57.972 [FXGL Background Thread 3 ] DEBUG Engine               - prefHeightProperty: ReadOnlyDoubleProperty [value: 1100.0]
11:15:57.972 [FXGL Background Thread 3 ] DEBUG Engine               - prefWidthProperty: ReadOnlyDoubleProperty [value: 2000.0]
11:15:57.972 [FXGL Background Thread 3 ] DEBUG Engine               - profileDir: profiles/
11:15:57.972 [FXGL Background Thread 3 ] DEBUG Engine               - profileName: StringProperty [value: DEFAULT]
11:15:57.972 [FXGL Background Thread 3 ] DEBUG Engine               - randomSeed: -1
11:15:57.972 [FXGL Background Thread 3 ] DEBUG Engine               - runtimeInfo: RuntimeInfo(platform=WINDOWS, version=17, build=31.12.2021 18.16)
11:15:57.972 [FXGL Background Thread 3 ] DEBUG Engine               - saveFileExt: sav
11:15:57.972 [FXGL Background Thread 3 ] DEBUG Engine               - scaledHeightProp$fxgl: DoubleProperty [bound, value: 821.0]
11:15:57.972 [FXGL Background Thread 3 ] DEBUG Engine               - scaledWidthProp$fxgl: DoubleProperty [bound, value: 1468.0]
11:15:57.972 [FXGL Background Thread 3 ] DEBUG Engine               - sceneFactory: com.almasb.fxgl.app.scene.SceneFactory@709057e
11:15:57.972 [FXGL Background Thread 3 ] DEBUG Engine               - secondsIn24h: 60
11:15:57.972 [FXGL Background Thread 3 ] DEBUG Engine               - soundMenuBack: menu/back.wav
11:15:57.972 [FXGL Background Thread 3 ] DEBUG Engine               - soundMenuPress: menu/press.wav
11:15:57.972 [FXGL Background Thread 3 ] DEBUG Engine               - soundMenuSelect: menu/select.wav
11:15:57.973 [FXGL Background Thread 3 ] DEBUG Engine               - soundNotification: core/notification.wav
11:15:57.973 [FXGL Background Thread 3 ] DEBUG Engine               - stageStyle: DECORATED
11:15:57.973 [FXGL Background Thread 3 ] DEBUG Engine               - supportedLanguages: [ENGLISH, FRENCH, GERMAN, HUNGARIAN, RUSSIAN]
11:15:57.973 [FXGL Background Thread 3 ] DEBUG Engine               - ticksPerSecond: -1
11:15:57.973 [FXGL Background Thread 3 ] DEBUG Engine               - title: 复活吧我的oc
11:15:57.973 [FXGL Background Thread 3 ] DEBUG Engine               - urlGithub: https://github.com/AlmasB/FXGL
11:15:57.973 [FXGL Background Thread 3 ] DEBUG Engine               - urlLeaderboard: http://fxgl-top.herokuapp.com/
11:15:57.973 [FXGL Background Thread 3 ] DEBUG Engine               - urlPOM: https://raw.githubusercontent.com/AlmasB/FXGL/release/README.md
11:15:57.973 [FXGL Background Thread 3 ] DEBUG Engine               - userAppClass: class com.game.revivemyoc.GameApp
11:15:57.973 [FXGL Background Thread 3 ] DEBUG Engine               - version: 0.1
11:15:57.973 [FXGL Background Thread 3 ] DEBUG Engine               - versionCheckDays: 7
11:15:57.973 [FXGL Background Thread 3 ] DEBUG Engine               - width: 2000
11:15:57.973 [FXGL Background Thread 3 ] DEBUG Engine               - Logging services
11:15:57.973 [FXGL Background Thread 3 ] DEBUG Engine               - class com.almasb.fxgl.app.services.FXGLAssetLoaderService
11:15:57.973 [FXGL Background Thread 3 ] DEBUG Engine               - class com.almasb.fxgl.app.FXGLApplication$GameApplicationService
11:15:57.973 [FXGL Background Thread 3 ] DEBUG Engine               - class com.almasb.fxgl.app.services.FXGLDialogService
11:15:57.973 [FXGL Background Thread 3 ] DEBUG Engine               - class com.almasb.fxgl.app.services.IOTaskExecutorService
11:15:57.973 [FXGL Background Thread 3 ] DEBUG Engine               - class com.almasb.fxgl.io.FileSystemService
11:15:57.973 [FXGL Background Thread 3 ] DEBUG Engine               - class com.almasb.fxgl.localization.LocalizationService
11:15:57.973 [FXGL Background Thread 3 ] DEBUG Engine               - class com.almasb.fxgl.app.services.SystemBundleService
11:15:57.973 [FXGL Background Thread 3 ] DEBUG Engine               - class com.almasb.fxgl.profile.SaveLoadService
11:15:57.973 [FXGL Background Thread 3 ] DEBUG Engine               - class com.almasb.fxgl.ui.FXGLUIFactoryServiceProvider
11:15:57.973 [FXGL Background Thread 3 ] DEBUG Engine               - class com.almasb.fxgl.ui.FXGLDialogFactoryServiceProvider
11:15:57.973 [FXGL Background Thread 3 ] DEBUG Engine               - class com.almasb.fxgl.audio.AudioPlayer
11:15:57.973 [FXGL Background Thread 3 ] DEBUG Engine               - class com.almasb.fxgl.notification.impl.NotificationServiceProvider
11:15:57.973 [FXGL Background Thread 3 ] DEBUG Engine               - class com.almasb.fxgl.achievement.AchievementService
11:15:57.973 [FXGL Background Thread 3 ] DEBUG Engine               - class com.almasb.fxgl.cutscene.CutsceneService
11:15:57.974 [FXGL Background Thread 3 ] DEBUG Engine               - class com.almasb.fxgl.minigames.MiniGameService
11:15:57.974 [FXGL Background Thread 3 ] DEBUG Engine               - class com.almasb.fxgl.net.NetService
11:15:57.974 [FXGL Background Thread 3 ] DEBUG Engine               - class com.almasb.fxgl.app.services.UpdaterService
11:15:57.974 [FXGL Background Thread 3 ] DEBUG Engine               - class com.almasb.fxgl.dev.DevService
11:16:03.377 [JavaFX Application Thread] DEBUG PrimaryStageWindow   - Push state: DialogSubScene
11:16:03.377 [JavaFX Application Thread] DEBUG Input                - Clearing active input actions
11:16:03.380 [JavaFX Application Thread] DEBUG GameApplicationServi - Removing overlay from GameScene and adding to DialogSubScene
11:16:03.380 [JavaFX Application Thread] DEBUG PrimaryStageWindow   - GameScene -> DialogSubScene
11:16:04.342 [JavaFX Application Thread] DEBUG PrimaryStageWindow   - Pop state: DialogSubScene
11:16:04.342 [JavaFX Application Thread] DEBUG Input                - Clearing active input actions
11:16:04.343 [JavaFX Application Thread] DEBUG GameApplicationServi - Removing overlay from DialogSubScene and adding to GameScene
11:16:04.343 [JavaFX Application Thread] DEBUG PrimaryStageWindow   - GameScene <- DialogSubScene
11:16:04.990 [JavaFX Application Thread] DEBUG PrimaryStageWindow   - Push state: DialogSubScene
11:16:04.991 [JavaFX Application Thread] DEBUG Input                - Clearing active input actions
11:16:04.991 [JavaFX Application Thread] DEBUG GameApplicationServi - Removing overlay from GameScene and adding to DialogSubScene
11:16:04.991 [JavaFX Application Thread] DEBUG PrimaryStageWindow   - GameScene -> DialogSubScene
11:16:05.630 [JavaFX Application Thread] DEBUG PrimaryStageWindow   - Pop state: DialogSubScene
11:16:05.630 [JavaFX Application Thread] DEBUG Input                - Clearing active input actions
11:16:05.631 [JavaFX Application Thread] DEBUG GameApplicationServi - Removing overlay from DialogSubScene and adding to GameScene
11:16:05.631 [JavaFX Application Thread] DEBUG PrimaryStageWindow   - GameScene <- DialogSubScene
11:16:06.231 [JavaFX Application Thread] DEBUG PrimaryStageWindow   - Push state: DialogSubScene
11:16:06.231 [JavaFX Application Thread] DEBUG Input                - Clearing active input actions
11:16:06.231 [JavaFX Application Thread] DEBUG GameApplicationServi - Removing overlay from GameScene and adding to DialogSubScene
11:16:06.231 [JavaFX Application Thread] DEBUG PrimaryStageWindow   - GameScene -> DialogSubScene
11:16:07.181 [JavaFX Application Thread] DEBUG PrimaryStageWindow   - Pop state: DialogSubScene
11:16:07.181 [JavaFX Application Thread] DEBUG Input                - Clearing active input actions
11:16:07.181 [JavaFX Application Thread] DEBUG GameApplicationServi - Removing overlay from DialogSubScene and adding to GameScene
11:16:07.182 [JavaFX Application Thread] DEBUG PrimaryStageWindow   - GameScene <- DialogSubScene
11:16:16.159 [FXGL Background Thread 2 ] WARN  UpdaterService       - Failed to find updates: java.net.ConnectException: Connection timed out: connect
11:16:37.841 [JavaFX Application Thread] DEBUG PrimaryStageWindow   - Push state: DialogSubScene
11:16:37.842 [JavaFX Application Thread] DEBUG Input                - Clearing active input actions
11:16:37.843 [JavaFX Application Thread] DEBUG GameApplicationServi - Removing overlay from GameScene and adding to DialogSubScene
11:16:37.843 [JavaFX Application Thread] DEBUG PrimaryStageWindow   - GameScene -> DialogSubScene
11:17:07.364 [JavaFX Application Thread] DEBUG PrimaryStageWindow   - Pop state: DialogSubScene
11:17:07.364 [JavaFX Application Thread] DEBUG Input                - Clearing active input actions
11:17:07.365 [JavaFX Application Thread] DEBUG GameApplicationServi - Removing overlay from DialogSubScene and adding to GameScene
11:17:07.365 [JavaFX Application Thread] DEBUG PrimaryStageWindow   - GameScene <- DialogSubScene
11:17:08.460 [JavaFX Application Thread] DEBUG PrimaryStageWindow   - Push state: DialogSubScene
11:17:08.460 [JavaFX Application Thread] DEBUG Input                - Clearing active input actions
11:17:08.461 [JavaFX Application Thread] DEBUG GameApplicationServi - Removing overlay from GameScene and adding to DialogSubScene
11:17:08.461 [JavaFX Application Thread] DEBUG PrimaryStageWindow   - GameScene -> DialogSubScene
11:17:10.092 [JavaFX Application Thread] DEBUG PrimaryStageWindow   - Pop state: DialogSubScene
11:17:10.092 [JavaFX Application Thread] DEBUG Input                - Clearing active input actions
11:17:10.092 [JavaFX Application Thread] DEBUG GameApplicationServi - Removing overlay from DialogSubScene and adding to GameScene
11:17:10.092 [JavaFX Application Thread] DEBUG PrimaryStageWindow   - GameScene <- DialogSubScene
11:17:10.772 [JavaFX Application Thread] DEBUG PrimaryStageWindow   - Push state: DialogSubScene
11:17:10.773 [JavaFX Application Thread] DEBUG Input                - Clearing active input actions
11:17:10.773 [JavaFX Application Thread] DEBUG GameApplicationServi - Removing overlay from GameScene and adding to DialogSubScene
11:17:10.773 [JavaFX Application Thread] DEBUG PrimaryStageWindow   - GameScene -> DialogSubScene
11:17:11.451 [JavaFX Application Thread] DEBUG PrimaryStageWindow   - Pop state: DialogSubScene
11:17:11.451 [JavaFX Application Thread] DEBUG Input                - Clearing active input actions
11:17:11.451 [JavaFX Application Thread] DEBUG GameApplicationServi - Removing overlay from DialogSubScene and adding to GameScene
11:17:11.451 [JavaFX Application Thread] DEBUG PrimaryStageWindow   - GameScene <- DialogSubScene
11:17:12.483 [JavaFX Application Thread] DEBUG PrimaryStageWindow   - Push state: DialogSubScene
11:17:12.484 [JavaFX Application Thread] DEBUG Input                - Clearing active input actions
11:17:12.484 [JavaFX Application Thread] DEBUG GameApplicationServi - Removing overlay from GameScene and adding to DialogSubScene
11:17:12.484 [JavaFX Application Thread] DEBUG PrimaryStageWindow   - GameScene -> DialogSubScene
11:17:13.339 [JavaFX Application Thread] DEBUG PrimaryStageWindow   - Pop state: DialogSubScene
11:17:13.339 [JavaFX Application Thread] DEBUG Input                - Clearing active input actions
11:17:13.340 [JavaFX Application Thread] DEBUG GameApplicationServi - Removing overlay from DialogSubScene and adding to GameScene
11:17:13.340 [JavaFX Application Thread] DEBUG PrimaryStageWindow   - GameScene <- DialogSubScene
11:17:17.883 [JavaFX Application Thread] DEBUG FXGLApplication      - Exiting FXGL
11:17:17.884 [JavaFX Application Thread] DEBUG LoopRunner           - Stopping loop
11:17:17.884 [JavaFX Application Thread] DEBUG SystemBundleService  - Saving FXGL system data
11:17:17.885 [JavaFX Application Thread] DEBUG FileSystemAccess     - Writing to: D:\java\REVIVEMYOC\system\fxgl.bundle
11:17:17.886 [JavaFX Application Thread] DEBUG Async                - Shutting down background threads
11:17:17.886 [JavaFX Application Thread] DEBUG PrimaryStageWindow   - Closing main window
11:17:17.905 [JavaFX Application Thread] DEBUG Logger               - Closing Logger
