10:46:45.710 [main                     ] DEBUG Logger               - Configured Logger
10:46:45.727 [main                     ] DEBUG GameApplication      - Logging settings
Title: 复活吧我的oc
Version: 0.1
Width: 2000
Height: 1100
Fullscreen: false
Intro: false
Profiling: false
Single step:false
App Mode: DEVELOPER
Menu Key: ESCAPE
Stage Style: DECORATED
Scene Factory: class com.almasb.fxgl.app.scene.SceneFactory

10:46:46.436 [JavaFX Application Thread] DEBUG FXGLApplication      - Initializing FXGL
10:46:46.440 [JavaFX Application Thread] INFO  Engine               - FXGL-17 (31.12.2021 18.16) on WINDOWS (J:21.0.5 FX:21.0.4)
10:46:46.440 [JavaFX Application Thread] DEBUG Engine               - JRE Vendor Name: Oracle Corporation
10:46:46.440 [JavaFX Application Thread] DEBUG Engine               - Running on OS: Windows 11 version 10.0
10:46:46.440 [JavaFX Application Thread] DEBUG Engine               - Architecture: amd64
10:46:46.440 [JavaFX Application Thread] INFO  Engine               - Source code and latest versions at: https://github.com/AlmasB/FXGL
10:46:46.441 [JavaFX Application Thread] INFO  Engine               -       Ask questions and discuss at: https://github.com/AlmasB/FXGL/discussions
10:46:46.441 [JavaFX Application Thread] INFO  Engine               -              Join the FXGL chat at: https://gitter.im/AlmasB/FXGL
10:46:46.539 [JavaFX Application Thread] DEBUG PrimaryStageWindow   - Creating a JavaFX scene
10:46:46.540 [JavaFX Application Thread] DEBUG PrimaryStageWindow   - Target size > screen size
10:46:46.583 [JavaFX Application Thread] DEBUG PrimaryStageWindow   - Target settings size: 2000.0 x 1100.0
10:46:46.584 [JavaFX Application Thread] DEBUG PrimaryStageWindow   - Scaled scene size:    1468.0 x 821.0
10:46:46.584 [JavaFX Application Thread] DEBUG PrimaryStageWindow   - Scaled ratio: (0.734, 0.7463636363636363)
10:46:46.585 [JavaFX Application Thread] DEBUG PrimaryStageWindow   - Set initial scene to FXGLStartupScene
10:46:46.588 [JavaFX Application Thread] DEBUG PrimaryStageWindow   - Opening main window
10:46:46.985 [JavaFX Application Thread] DEBUG PrimaryStageWindow   - Window border size: (14.6666259765625, 37.66668701171875)
10:46:46.985 [JavaFX Application Thread] DEBUG PrimaryStageWindow   - Scaled size: 1468.0 x 821.0
10:46:46.985 [JavaFX Application Thread] DEBUG PrimaryStageWindow   - Scaled ratio: (0.734, 0.7463636363636363)
10:46:46.985 [JavaFX Application Thread] DEBUG PrimaryStageWindow   - Scene size: 1468.0 x 821.0
10:46:46.985 [JavaFX Application Thread] DEBUG PrimaryStageWindow   - Stage size: 1482.6666259765625 x 858.6666870117188
10:46:46.990 [FXGL Background Thread 1 ] DEBUG Engine               - Initializing environment variables
10:46:47.018 [FXGL Background Thread 1 ] DEBUG FXGLAssetLoaderServi - User app class for loading assets: class com.game.revivemyoc.GameApp
10:46:47.018 [FXGL Background Thread 1 ] DEBUG GameApplicationServi - Applying CSS: fxgl_dark.css
10:46:47.020 [FXGL Background Thread 1 ] DEBUG FXGLAssetLoaderServi - Loading from file system: jar:file:/C:/Users/86138/.m2/repository/com/github/AlmasB/fxgl/17/fxgl-17.jar!/fxglassets/ui/css/fxgl_dark.css
10:46:47.058 [FXGL Background Thread 1 ] DEBUG GameApplicationServi - Initializing application scenes
10:46:47.121 [FXGL Background Thread 1 ] DEBUG GameWorld            - Game world initialized
10:46:47.163 [FXGL Background Thread 1 ] DEBUG PhysicsWorld         - Physics world initialized: appHeight=1100, physics.ppm=50.0
10:46:47.164 [FXGL Background Thread 1 ] DEBUG PhysicsWorld         - Using strategy: BRUTE_FORCE
10:46:47.167 [FXGL Background Thread 1 ] DEBUG GameScene            - Game scene initialized: 2000x1100
10:46:47.178 [FXGL Background Thread 1 ] DEBUG FXGL.DefaultMenu     - createMenuBodyGameMenu()
10:46:47.191 [FXGL Background Thread 1 ] DEBUG FXGL.DefaultMenu     - createOptionsMenu()
10:46:47.198 [FXGL Background Thread 1 ] DEBUG FXGLAssetLoaderServi - Loading from file system: jar:file:/C:/Users/86138/.m2/repository/com/github/AlmasB/fxgl/17/fxgl-17.jar!/fxglassets/textures/particles/smoke.png
10:46:47.283 [FXGL Background Thread 1 ] DEBUG FXGLAssetLoaderServi - Loading from file system: jar:file:/C:/Users/86138/.m2/repository/com/github/AlmasB/fxgl/17/fxgl-17.jar!/fxglassets/textures/particles/trace_horizontal.png
10:46:47.303 [FXGL Background Thread 1 ] DEBUG GameApplicationServi - Application scenes initialized
10:46:47.313 [FXGL Background Thread 1 ] DEBUG SystemBundleService  - Loading FXGL system data
10:46:47.314 [FXGL Background Thread 1 ] DEBUG FileSystemAccess     - Reading from: D:\java\REVIVEMYOC\system\fxgl.bundle
10:46:47.317 [FXGL Background Thread 1 ] DEBUG SystemBundleService  - Bundle FXGL: {}
10:46:47.317 [FXGL Background Thread 1 ] DEBUG UpdaterService       - Checking for updates
10:46:47.321 [FXGL Background Thread 4 ] DEBUG FXGLApplication      - Loading fonts
10:46:47.321 [FXGL Background Thread 4 ] DEBUG FXGLAssetLoaderServi - Loading from file system: jar:file:/C:/Users/86138/.m2/repository/com/github/AlmasB/fxgl/17/fxgl-17.jar!/fxglassets/ui/fonts/VarelaRound-Regular.ttf
10:46:47.321 [FXGL Background Thread 1 ] DEBUG FXGLApplication      - Loading default localization
10:46:47.322 [FXGL Background Thread 1 ] DEBUG FXGLAssetLoaderServi - Loading from file system: jar:file:/C:/Users/86138/.m2/repository/com/github/AlmasB/fxgl/17/fxgl-17.jar!/fxglassets/languages/english.lang
10:46:47.332 [FXGL Background Thread 4 ] DEBUG FXGLAssetLoaderServi - Loading from file system: jar:file:/C:/Users/86138/.m2/repository/com/github/AlmasB/fxgl/17/fxgl-17.jar!/fxglassets/ui/fonts/Abel-Regular.ttf
10:46:47.339 [FXGL Background Thread 4 ] DEBUG FXGLAssetLoaderServi - Loading from file system: jar:file:/C:/Users/86138/.m2/repository/com/github/AlmasB/fxgl/17/fxgl-17.jar!/fxglassets/ui/fonts/TerminalLandMono-Regular.otf
10:46:47.342 [FXGL Background Thread 4 ] DEBUG FXGLAssetLoaderServi - Loading from file system: jar:file:/C:/Users/86138/.m2/repository/com/github/AlmasB/fxgl/17/fxgl-17.jar!/fxglassets/ui/fonts/Courier-Prime.ttf
10:46:47.344 [FXGL Background Thread 1 ] INFO  FXGLApplication      - FXGL initialization took: 0.355 sec
10:46:47.345 [JavaFX Application Thread] DEBUG FXGLAssetLoaderServi - Loading from file system: jar:file:/C:/Users/86138/.m2/repository/com/github/AlmasB/fxgl/17/fxgl-17.jar!/fxglassets/textures/fxgl_icon.png
10:46:47.366 [JavaFX Application Thread] DEBUG FXGLAssetLoaderServi - Loading from file system: jar:file:/C:/Users/86138/.m2/repository/com/github/AlmasB/fxgl/17/fxgl-17.jar!/fxglassets/textures/fxgl_default_cursor.png
10:46:47.375 [JavaFX Application Thread] DEBUG Input                - Registered new binding: Screenshot - CTRL+8
10:46:47.375 [JavaFX Application Thread] DEBUG Input                - Registered new binding: System info dump - CTRL+9
10:46:47.375 [JavaFX Application Thread] DEBUG Input                - Registered new binding: Restart - CTRL+R
10:46:47.376 [JavaFX Application Thread] DEBUG Input                - Registered new binding: Toggle Debug Camera - CTRL+7
10:46:47.378 [JavaFX Application Thread] DEBUG LoopRunner           - Starting loop
10:46:47.378 [JavaFX Application Thread] DEBUG LoopRunner           - Initializing JavaFX AnimationTimerLoop
10:46:47.380 [JavaFX Application Thread] DEBUG GameApplicationServi - Starting new game
10:46:47.380 [JavaFX Application Thread] DEBUG Input                - Clearing active input actions
10:46:47.389 [JavaFX Application Thread] DEBUG GameApplicationServi - Removing overlay from FXGLStartupScene and adding to FXGLLoadingScene
10:46:47.390 [JavaFX Application Thread] DEBUG PrimaryStageWindow   - FXGLStartupScene -> FXGLLoadingScene
10:46:47.390 [JavaFX Application Thread] DEBUG GameApplicationServi - Clearing previous game
10:46:47.390 [JavaFX Application Thread] DEBUG GameScene            - Clearing game scene
10:46:47.390 [JavaFX Application Thread] DEBUG GameWorld            - Clearing game world
10:46:47.390 [JavaFX Application Thread] DEBUG PhysicsWorld         - Clearing physics world
10:46:47.391 [FXGL Background Thread 4 ] DEBUG FXGLApplication      - Initializing game
10:46:47.391 [JavaFX Application Thread] DEBUG FXGLApplication      - Registering font factories with UI factory
10:46:47.394 [FXGL Background Thread 4 ] DEBUG FXGLAssetLoaderServi - Loading from file system: file:/D:/java/REVIVEMYOC/target/classes/assets/textures/boat.png
10:46:47.473 [FXGL Background Thread 4 ] INFO  FXGLApplication      - Game initialization took: 0.082 sec
10:46:47.480 [JavaFX Application Thread] DEBUG Input                - Clearing active input actions
10:46:47.486 [JavaFX Application Thread] DEBUG GameApplicationServi - Removing overlay from FXGLLoadingScene and adding to GameScene
10:46:47.486 [JavaFX Application Thread] DEBUG PrimaryStageWindow   - FXGLLoadingScene -> GameScene
10:46:50.322 [FXGL Background Thread 3 ] DEBUG Engine               - Logging environment variables
10:46:50.322 [FXGL Background Thread 3 ] DEBUG Engine               - achievements: []
10:46:50.322 [FXGL Background Thread 3 ] DEBUG Engine               - actualHeight: 821.0
10:46:50.322 [FXGL Background Thread 3 ] DEBUG Engine               - actualHeightProperty: ReadOnlyDoubleProperty [value: 821.0]
10:46:50.322 [FXGL Background Thread 3 ] DEBUG Engine               - actualWidth: 1468.0
10:46:50.322 [FXGL Background Thread 3 ] DEBUG Engine               - actualWidthProperty: ReadOnlyDoubleProperty [value: 1468.0]
10:46:50.322 [FXGL Background Thread 3 ] DEBUG Engine               - appIcon: fxgl_icon.png
10:46:50.323 [FXGL Background Thread 3 ] DEBUG Engine               - applicationMode: DEVELOPER
10:46:50.323 [FXGL Background Thread 3 ] DEBUG Engine               - cSSList: [fxgl_dark.css]
10:46:50.323 [FXGL Background Thread 3 ] DEBUG Engine               - collisionDetectionStrategy: BRUTE_FORCE
10:46:50.323 [FXGL Background Thread 3 ] DEBUG Engine               - configClass: Optional.empty
10:46:50.323 [FXGL Background Thread 3 ] DEBUG Engine               - credits: []
10:46:50.323 [FXGL Background Thread 3 ] DEBUG Engine               - defaultCursor: CursorInfo(imageName=fxgl_default_cursor.png, hotspotX=7.0, hotspotY=6.0)
10:46:50.323 [FXGL Background Thread 3 ] DEBUG Engine               - devBBoxColorProperty: ObjectProperty [value: 0xff0000ff]
10:46:50.323 [FXGL Background Thread 3 ] DEBUG Engine               - devEnableDebugCameraProperty: BooleanProperty [value: false]
10:46:50.323 [FXGL Background Thread 3 ] DEBUG Engine               - devSensorColorProperty: ObjectProperty [value: 0xffff00ff]
10:46:50.323 [FXGL Background Thread 3 ] DEBUG Engine               - devShowBBoxProperty: BooleanProperty [value: false]
10:46:50.323 [FXGL Background Thread 3 ] DEBUG Engine               - devShowPositionProperty: BooleanProperty [value: false]
10:46:50.323 [FXGL Background Thread 3 ] DEBUG Engine               - enabledMenuItems: []
10:46:50.324 [FXGL Background Thread 3 ] DEBUG Engine               - engineServices: [class com.almasb.fxgl.app.services.FXGLAssetLoaderService, class com.almasb.fxgl.app.FXGLApplication$GameApplicationService, class com.almasb.fxgl.app.services.FXGLDialogService, class com.almasb.fxgl.app.services.IOTaskExecutorService, class com.almasb.fxgl.io.FileSystemService, class com.almasb.fxgl.localization.LocalizationService, class com.almasb.fxgl.app.services.SystemBundleService, class com.almasb.fxgl.profile.SaveLoadService, class com.almasb.fxgl.ui.FXGLUIFactoryServiceProvider, class com.almasb.fxgl.ui.FXGLDialogFactoryServiceProvider, class com.almasb.fxgl.audio.AudioPlayer, class com.almasb.fxgl.notification.impl.NotificationServiceProvider, class com.almasb.fxgl.achievement.AchievementService, class com.almasb.fxgl.cutscene.CutsceneService, class com.almasb.fxgl.minigames.MiniGameService, class com.almasb.fxgl.net.NetService, class com.almasb.fxgl.app.services.UpdaterService, class com.almasb.fxgl.dev.DevService]
10:46:50.324 [FXGL Background Thread 3 ] DEBUG Engine               - fontGame: Abel-Regular.ttf
10:46:50.324 [FXGL Background Thread 3 ] DEBUG Engine               - fontMono: TerminalLandMono-Regular.otf
10:46:50.324 [FXGL Background Thread 3 ] DEBUG Engine               - fontText: Courier-Prime.ttf
10:46:50.324 [FXGL Background Thread 3 ] DEBUG Engine               - fontUI: VarelaRound-Regular.ttf
10:46:50.324 [FXGL Background Thread 3 ] DEBUG Engine               - fullScreen: BooleanProperty [value: false]
10:46:50.324 [FXGL Background Thread 3 ] DEBUG Engine               - gameDifficulty: MEDIUM
10:46:50.324 [FXGL Background Thread 3 ] DEBUG Engine               - gameDifficultyProperty: ObjectProperty [value: MEDIUM]
10:46:50.324 [FXGL Background Thread 3 ] DEBUG Engine               - globalMusicVolume: 0.5
10:46:50.324 [FXGL Background Thread 3 ] DEBUG Engine               - globalMusicVolumeProperty: DoubleProperty [value: 0.5]
10:46:50.324 [FXGL Background Thread 3 ] DEBUG Engine               - globalSoundVolume: 0.5
10:46:50.324 [FXGL Background Thread 3 ] DEBUG Engine               - globalSoundVolumeProperty: DoubleProperty [value: 0.5]
10:46:50.324 [FXGL Background Thread 3 ] DEBUG Engine               - height: 1100
10:46:50.324 [FXGL Background Thread 3 ] DEBUG Engine               - is3D: false
10:46:50.324 [FXGL Background Thread 3 ] DEBUG Engine               - isAndroid: false
10:46:50.324 [FXGL Background Thread 3 ] DEBUG Engine               - isBrowser: false
10:46:50.324 [FXGL Background Thread 3 ] DEBUG Engine               - isClickFeedbackEnabled: false
10:46:50.324 [FXGL Background Thread 3 ] DEBUG Engine               - isCloseConfirmation: false
10:46:50.324 [FXGL Background Thread 3 ] DEBUG Engine               - isDesktop: true
10:46:50.324 [FXGL Background Thread 3 ] DEBUG Engine               - isDeveloperMenuEnabled: false
10:46:50.324 [FXGL Background Thread 3 ] DEBUG Engine               - isEmbedded: false
10:46:50.324 [FXGL Background Thread 3 ] DEBUG Engine               - isEntityPreloadEnabled: true
10:46:50.324 [FXGL Background Thread 3 ] DEBUG Engine               - isExperimentalTiledLargeMap: false
10:46:50.324 [FXGL Background Thread 3 ] DEBUG Engine               - isFileSystemWriteAllowed: true
10:46:50.324 [FXGL Background Thread 3 ] DEBUG Engine               - isFullScreenAllowed: false
10:46:50.324 [FXGL Background Thread 3 ] DEBUG Engine               - isFullScreenFromStart: false
10:46:50.325 [FXGL Background Thread 3 ] DEBUG Engine               - isGameMenuEnabled: true
10:46:50.325 [FXGL Background Thread 3 ] DEBUG Engine               - isIOS: false
10:46:50.325 [FXGL Background Thread 3 ] DEBUG Engine               - isIntroEnabled: false
10:46:50.325 [FXGL Background Thread 3 ] DEBUG Engine               - isLinux: false
10:46:50.325 [FXGL Background Thread 3 ] DEBUG Engine               - isMac: false
10:46:50.325 [FXGL Background Thread 3 ] DEBUG Engine               - isMainMenuEnabled: false
10:46:50.325 [FXGL Background Thread 3 ] DEBUG Engine               - isManualResizeEnabled: false
10:46:50.325 [FXGL Background Thread 3 ] DEBUG Engine               - isMobile: false
10:46:50.325 [FXGL Background Thread 3 ] DEBUG Engine               - isNative: false
10:46:50.325 [FXGL Background Thread 3 ] DEBUG Engine               - isPauseMusicWhenMinimized: true
10:46:50.325 [FXGL Background Thread 3 ] DEBUG Engine               - isPreserveResizeRatio: false
10:46:50.325 [FXGL Background Thread 3 ] DEBUG Engine               - isProfilingEnabled: false
10:46:50.325 [FXGL Background Thread 3 ] DEBUG Engine               - isScaleAffectedOnResize: true
10:46:50.325 [FXGL Background Thread 3 ] DEBUG Engine               - isSingleStep: false
10:46:50.325 [FXGL Background Thread 3 ] DEBUG Engine               - isUserProfileEnabled: false
10:46:50.325 [FXGL Background Thread 3 ] DEBUG Engine               - isWindows: true
10:46:50.325 [FXGL Background Thread 3 ] DEBUG Engine               - language: ObjectProperty [value: ENGLISH]
10:46:50.325 [FXGL Background Thread 3 ] DEBUG Engine               - menuKey: ESCAPE
10:46:50.325 [FXGL Background Thread 3 ] DEBUG Engine               - mouseSensitivity: 0.2
10:46:50.325 [FXGL Background Thread 3 ] DEBUG Engine               - notificationViewClass: class com.almasb.fxgl.notification.view.XboxNotificationView
10:46:50.325 [FXGL Background Thread 3 ] DEBUG Engine               - pixelsPerMeter: 50.0
10:46:50.325 [FXGL Background Thread 3 ] DEBUG Engine               - platform: WINDOWS
10:46:50.325 [FXGL Background Thread 3 ] DEBUG Engine               - prefHeightProperty: ReadOnlyDoubleProperty [value: 1100.0]
10:46:50.325 [FXGL Background Thread 3 ] DEBUG Engine               - prefWidthProperty: ReadOnlyDoubleProperty [value: 2000.0]
10:46:50.326 [FXGL Background Thread 3 ] DEBUG Engine               - profileDir: profiles/
10:46:50.326 [FXGL Background Thread 3 ] DEBUG Engine               - profileName: StringProperty [value: DEFAULT]
10:46:50.326 [FXGL Background Thread 3 ] DEBUG Engine               - randomSeed: -1
10:46:50.326 [FXGL Background Thread 3 ] DEBUG Engine               - runtimeInfo: RuntimeInfo(platform=WINDOWS, version=17, build=31.12.2021 18.16)
10:46:50.326 [FXGL Background Thread 3 ] DEBUG Engine               - saveFileExt: sav
10:46:50.326 [FXGL Background Thread 3 ] DEBUG Engine               - scaledHeightProp$fxgl: DoubleProperty [bound, value: 821.0]
10:46:50.326 [FXGL Background Thread 3 ] DEBUG Engine               - scaledWidthProp$fxgl: DoubleProperty [bound, value: 1468.0]
10:46:50.326 [FXGL Background Thread 3 ] DEBUG Engine               - sceneFactory: com.almasb.fxgl.app.scene.SceneFactory@3f8f8a86
10:46:50.326 [FXGL Background Thread 3 ] DEBUG Engine               - secondsIn24h: 60
10:46:50.326 [FXGL Background Thread 3 ] DEBUG Engine               - soundMenuBack: menu/back.wav
10:46:50.326 [FXGL Background Thread 3 ] DEBUG Engine               - soundMenuPress: menu/press.wav
10:46:50.326 [FXGL Background Thread 3 ] DEBUG Engine               - soundMenuSelect: menu/select.wav
10:46:50.326 [FXGL Background Thread 3 ] DEBUG Engine               - soundNotification: core/notification.wav
10:46:50.326 [FXGL Background Thread 3 ] DEBUG Engine               - stageStyle: DECORATED
10:46:50.326 [FXGL Background Thread 3 ] DEBUG Engine               - supportedLanguages: [ENGLISH, FRENCH, GERMAN, HUNGARIAN, RUSSIAN]
10:46:50.326 [FXGL Background Thread 3 ] DEBUG Engine               - ticksPerSecond: -1
10:46:50.326 [FXGL Background Thread 3 ] DEBUG Engine               - title: 复活吧我的oc
10:46:50.326 [FXGL Background Thread 3 ] DEBUG Engine               - urlGithub: https://github.com/AlmasB/FXGL
10:46:50.326 [FXGL Background Thread 3 ] DEBUG Engine               - urlLeaderboard: http://fxgl-top.herokuapp.com/
10:46:50.326 [FXGL Background Thread 3 ] DEBUG Engine               - urlPOM: https://raw.githubusercontent.com/AlmasB/FXGL/release/README.md
10:46:50.326 [FXGL Background Thread 3 ] DEBUG Engine               - userAppClass: class com.game.revivemyoc.GameApp
10:46:50.326 [FXGL Background Thread 3 ] DEBUG Engine               - version: 0.1
10:46:50.327 [FXGL Background Thread 3 ] DEBUG Engine               - versionCheckDays: 7
10:46:50.327 [FXGL Background Thread 3 ] DEBUG Engine               - width: 2000
10:46:50.327 [FXGL Background Thread 3 ] DEBUG Engine               - Logging services
10:46:50.327 [FXGL Background Thread 3 ] DEBUG Engine               - class com.almasb.fxgl.app.services.FXGLAssetLoaderService
10:46:50.327 [FXGL Background Thread 3 ] DEBUG Engine               - class com.almasb.fxgl.app.FXGLApplication$GameApplicationService
10:46:50.327 [FXGL Background Thread 3 ] DEBUG Engine               - class com.almasb.fxgl.app.services.FXGLDialogService
10:46:50.327 [FXGL Background Thread 3 ] DEBUG Engine               - class com.almasb.fxgl.app.services.IOTaskExecutorService
10:46:50.327 [FXGL Background Thread 3 ] DEBUG Engine               - class com.almasb.fxgl.io.FileSystemService
10:46:50.327 [FXGL Background Thread 3 ] DEBUG Engine               - class com.almasb.fxgl.localization.LocalizationService
10:46:50.327 [FXGL Background Thread 3 ] DEBUG Engine               - class com.almasb.fxgl.app.services.SystemBundleService
10:46:50.327 [FXGL Background Thread 3 ] DEBUG Engine               - class com.almasb.fxgl.profile.SaveLoadService
10:46:50.327 [FXGL Background Thread 3 ] DEBUG Engine               - class com.almasb.fxgl.ui.FXGLUIFactoryServiceProvider
10:46:50.327 [FXGL Background Thread 3 ] DEBUG Engine               - class com.almasb.fxgl.ui.FXGLDialogFactoryServiceProvider
10:46:50.327 [FXGL Background Thread 3 ] DEBUG Engine               - class com.almasb.fxgl.audio.AudioPlayer
10:46:50.327 [FXGL Background Thread 3 ] DEBUG Engine               - class com.almasb.fxgl.notification.impl.NotificationServiceProvider
10:46:50.327 [FXGL Background Thread 3 ] DEBUG Engine               - class com.almasb.fxgl.achievement.AchievementService
10:46:50.327 [FXGL Background Thread 3 ] DEBUG Engine               - class com.almasb.fxgl.cutscene.CutsceneService
10:46:50.327 [FXGL Background Thread 3 ] DEBUG Engine               - class com.almasb.fxgl.minigames.MiniGameService
10:46:50.327 [FXGL Background Thread 3 ] DEBUG Engine               - class com.almasb.fxgl.net.NetService
10:46:50.327 [FXGL Background Thread 3 ] DEBUG Engine               - class com.almasb.fxgl.app.services.UpdaterService
10:46:50.327 [FXGL Background Thread 3 ] DEBUG Engine               - class com.almasb.fxgl.dev.DevService
10:46:52.209 [JavaFX Application Thread] DEBUG LoopRunner           - Pausing loop
10:47:08.509 [FXGL Background Thread 2 ] WARN  UpdaterService       - Failed to find updates: java.net.ConnectException: Connection timed out: connect
10:54:23.760 [JavaFX Application Thread] DEBUG FXGLApplication      - Exiting FXGL
10:54:23.760 [JavaFX Application Thread] DEBUG LoopRunner           - Stopping loop
10:54:23.760 [JavaFX Application Thread] DEBUG SystemBundleService  - Saving FXGL system data
10:54:23.761 [JavaFX Application Thread] DEBUG FileSystemAccess     - Writing to: D:\java\REVIVEMYOC\system\fxgl.bundle
10:54:23.762 [JavaFX Application Thread] DEBUG Async                - Shutting down background threads
10:54:23.762 [JavaFX Application Thread] DEBUG PrimaryStageWindow   - Closing main window
10:54:23.772 [JavaFX Application Thread] DEBUG Logger               - Closing Logger
