10:38:56.503 [main                     ] DEBUG Logger               - Configured Logger
10:38:56.529 [main                     ] DEBUG GameApplication      - Logging settings
Title: 复活吧我的oc
Version: 0.1
Width: 2000
Height: 1500
Fullscreen: false
Intro: false
Profiling: false
Single step:false
App Mode: DEVELOPER
Menu Key: ESCAPE
Stage Style: DECORATED
Scene Factory: class com.almasb.fxgl.app.scene.SceneFactory

10:38:57.066 [JavaFX Application Thread] DEBUG FXGLApplication      - Initializing FXGL
10:38:57.070 [JavaFX Application Thread] INFO  Engine               - FXGL-17 (31.12.2021 18.16) on WINDOWS (J:21.0.5 FX:21.0.4)
10:38:57.070 [JavaFX Application Thread] DEBUG Engine               - JRE Vendor Name: Oracle Corporation
10:38:57.070 [JavaFX Application Thread] DEBUG Engine               - Running on OS: Windows 11 version 10.0
10:38:57.070 [JavaFX Application Thread] DEBUG Engine               - Architecture: amd64
10:38:57.070 [JavaFX Application Thread] INFO  Engine               - Source code and latest versions at: https://github.com/AlmasB/FXGL
10:38:57.070 [JavaFX Application Thread] INFO  Engine               -       Ask questions and discuss at: https://github.com/AlmasB/FXGL/discussions
10:38:57.071 [JavaFX Application Thread] INFO  Engine               -              Join the FXGL chat at: https://gitter.im/AlmasB/FXGL
10:38:57.168 [JavaFX Application Thread] DEBUG PrimaryStageWindow   - Creating a JavaFX scene
10:38:57.169 [JavaFX Application Thread] DEBUG PrimaryStageWindow   - Target size > screen size
10:38:57.213 [JavaFX Application Thread] DEBUG PrimaryStageWindow   - Target settings size: 2000.0 x 1500.0
10:38:57.214 [JavaFX Application Thread] DEBUG PrimaryStageWindow   - Scaled scene size:    1155.0 x 885.0
10:38:57.214 [JavaFX Application Thread] DEBUG PrimaryStageWindow   - Scaled ratio: (0.5775, 0.59)
10:38:57.215 [JavaFX Application Thread] DEBUG PrimaryStageWindow   - Set initial scene to FXGLStartupScene
10:38:57.217 [JavaFX Application Thread] DEBUG PrimaryStageWindow   - Opening main window
10:38:57.647 [JavaFX Application Thread] DEBUG PrimaryStageWindow   - Window border size: (15.0, 37.66668701171875)
10:38:57.648 [JavaFX Application Thread] DEBUG PrimaryStageWindow   - Scaled size: 1155.0 x 885.0
10:38:57.648 [JavaFX Application Thread] DEBUG PrimaryStageWindow   - Scaled ratio: (0.5775, 0.59)
10:38:57.648 [JavaFX Application Thread] DEBUG PrimaryStageWindow   - Scene size: 1155.0 x 885.0
10:38:57.648 [JavaFX Application Thread] DEBUG PrimaryStageWindow   - Stage size: 1170.0 x 922.6666870117188
10:38:57.653 [FXGL Background Thread 1 ] DEBUG Engine               - Initializing environment variables
10:38:57.682 [FXGL Background Thread 1 ] DEBUG FXGLAssetLoaderServi - User app class for loading assets: class com.game.revivemyoc.GameApp
10:38:57.683 [FXGL Background Thread 1 ] DEBUG GameApplicationServi - Applying CSS: fxgl_dark.css
10:38:57.684 [FXGL Background Thread 1 ] DEBUG FXGLAssetLoaderServi - Loading from file system: jar:file:/C:/Users/86138/.m2/repository/com/github/AlmasB/fxgl/17/fxgl-17.jar!/fxglassets/ui/css/fxgl_dark.css
10:38:57.728 [FXGL Background Thread 1 ] DEBUG GameApplicationServi - Initializing application scenes
10:38:57.794 [FXGL Background Thread 1 ] DEBUG GameWorld            - Game world initialized
10:38:57.841 [FXGL Background Thread 1 ] DEBUG PhysicsWorld         - Physics world initialized: appHeight=1500, physics.ppm=50.0
10:38:57.841 [FXGL Background Thread 1 ] DEBUG PhysicsWorld         - Using strategy: BRUTE_FORCE
10:38:57.844 [FXGL Background Thread 1 ] DEBUG GameScene            - Game scene initialized: 2000x1500
10:38:57.857 [FXGL Background Thread 1 ] DEBUG FXGL.DefaultMenu     - createMenuBodyGameMenu()
10:38:57.872 [FXGL Background Thread 1 ] DEBUG FXGL.DefaultMenu     - createOptionsMenu()
10:38:57.879 [FXGL Background Thread 1 ] DEBUG FXGLAssetLoaderServi - Loading from file system: jar:file:/C:/Users/86138/.m2/repository/com/github/AlmasB/fxgl/17/fxgl-17.jar!/fxglassets/textures/particles/smoke.png
10:38:57.953 [FXGL Background Thread 1 ] DEBUG FXGLAssetLoaderServi - Loading from file system: jar:file:/C:/Users/86138/.m2/repository/com/github/AlmasB/fxgl/17/fxgl-17.jar!/fxglassets/textures/particles/trace_horizontal.png
10:38:57.972 [FXGL Background Thread 1 ] DEBUG GameApplicationServi - Application scenes initialized
10:38:57.984 [FXGL Background Thread 1 ] DEBUG SystemBundleService  - Loading FXGL system data
10:38:57.985 [FXGL Background Thread 1 ] DEBUG FileSystemAccess     - Reading from: D:\java\REVIVEMYOC\system\fxgl.bundle
10:38:57.987 [FXGL Background Thread 1 ] DEBUG SystemBundleService  - Bundle FXGL: {}
10:38:57.988 [FXGL Background Thread 1 ] DEBUG UpdaterService       - Checking for updates
10:38:57.991 [FXGL Background Thread 4 ] DEBUG FXGLApplication      - Loading fonts
10:38:57.991 [FXGL Background Thread 4 ] DEBUG FXGLAssetLoaderServi - Loading from file system: jar:file:/C:/Users/86138/.m2/repository/com/github/AlmasB/fxgl/17/fxgl-17.jar!/fxglassets/ui/fonts/VarelaRound-Regular.ttf
10:38:57.991 [FXGL Background Thread 1 ] DEBUG FXGLApplication      - Loading default localization
10:38:57.992 [FXGL Background Thread 1 ] DEBUG FXGLAssetLoaderServi - Loading from file system: jar:file:/C:/Users/86138/.m2/repository/com/github/AlmasB/fxgl/17/fxgl-17.jar!/fxglassets/languages/english.lang
10:38:58.002 [FXGL Background Thread 4 ] DEBUG FXGLAssetLoaderServi - Loading from file system: jar:file:/C:/Users/86138/.m2/repository/com/github/AlmasB/fxgl/17/fxgl-17.jar!/fxglassets/ui/fonts/Abel-Regular.ttf
10:38:58.005 [FXGL Background Thread 4 ] DEBUG FXGLAssetLoaderServi - Loading from file system: jar:file:/C:/Users/86138/.m2/repository/com/github/AlmasB/fxgl/17/fxgl-17.jar!/fxglassets/ui/fonts/TerminalLandMono-Regular.otf
10:38:58.011 [FXGL Background Thread 4 ] DEBUG FXGLAssetLoaderServi - Loading from file system: jar:file:/C:/Users/86138/.m2/repository/com/github/AlmasB/fxgl/17/fxgl-17.jar!/fxglassets/ui/fonts/Courier-Prime.ttf
10:38:58.015 [FXGL Background Thread 1 ] INFO  FXGLApplication      - FXGL initialization took: 0.363 sec
10:38:58.016 [JavaFX Application Thread] DEBUG FXGLAssetLoaderServi - Loading from file system: jar:file:/C:/Users/86138/.m2/repository/com/github/AlmasB/fxgl/17/fxgl-17.jar!/fxglassets/textures/fxgl_icon.png
10:38:58.036 [JavaFX Application Thread] DEBUG FXGLAssetLoaderServi - Loading from file system: jar:file:/C:/Users/86138/.m2/repository/com/github/AlmasB/fxgl/17/fxgl-17.jar!/fxglassets/textures/fxgl_default_cursor.png
10:38:58.045 [JavaFX Application Thread] DEBUG Input                - Registered new binding: Screenshot - CTRL+8
10:38:58.045 [JavaFX Application Thread] DEBUG Input                - Registered new binding: System info dump - CTRL+9
10:38:58.047 [JavaFX Application Thread] DEBUG Input                - Registered new binding: Restart - CTRL+R
10:38:58.047 [JavaFX Application Thread] DEBUG Input                - Registered new binding: Toggle Debug Camera - CTRL+7
10:38:58.048 [JavaFX Application Thread] DEBUG LoopRunner           - Starting loop
10:38:58.048 [JavaFX Application Thread] DEBUG LoopRunner           - Initializing JavaFX AnimationTimerLoop
10:38:58.049 [JavaFX Application Thread] DEBUG GameApplicationServi - Starting new game
10:38:58.050 [JavaFX Application Thread] DEBUG Input                - Clearing active input actions
10:38:58.060 [JavaFX Application Thread] DEBUG GameApplicationServi - Removing overlay from FXGLStartupScene and adding to FXGLLoadingScene
10:38:58.060 [JavaFX Application Thread] DEBUG PrimaryStageWindow   - FXGLStartupScene -> FXGLLoadingScene
10:38:58.060 [JavaFX Application Thread] DEBUG GameApplicationServi - Clearing previous game
10:38:58.060 [JavaFX Application Thread] DEBUG GameScene            - Clearing game scene
10:38:58.060 [JavaFX Application Thread] DEBUG GameWorld            - Clearing game world
10:38:58.061 [JavaFX Application Thread] DEBUG PhysicsWorld         - Clearing physics world
10:38:58.062 [FXGL Background Thread 4 ] DEBUG FXGLApplication      - Initializing game
10:38:58.062 [JavaFX Application Thread] DEBUG FXGLApplication      - Registering font factories with UI factory
10:38:58.064 [FXGL Background Thread 4 ] WARN  FXGLAssetLoaderServi - Asset "/assets/textures/boat.png" was not found!
10:38:58.065 [FXGL Background Thread 4 ] WARN  FXGLAssetLoaderServi - Failed to load RESIZABLE_IMAGE
10:38:58.159 [FXGL Background Thread 4 ] INFO  FXGLApplication      - Game initialization took: 0.097 sec
10:38:58.165 [JavaFX Application Thread] DEBUG Input                - Clearing active input actions
10:38:58.171 [JavaFX Application Thread] DEBUG GameApplicationServi - Removing overlay from FXGLLoadingScene and adding to GameScene
10:38:58.171 [JavaFX Application Thread] DEBUG PrimaryStageWindow   - FXGLLoadingScene -> GameScene
10:38:58.632 [FXGL Background Thread 2 ] INFO  UpdaterService       - Your current version:  17
10:38:58.632 [FXGL Background Thread 2 ] INFO  UpdaterService       - Latest stable version: 21.1
10:39:00.182 [JavaFX Application Thread] DEBUG FXGLApplication      - Exiting FXGL
10:39:00.182 [JavaFX Application Thread] DEBUG LoopRunner           - Stopping loop
10:39:00.182 [JavaFX Application Thread] DEBUG SystemBundleService  - Saving FXGL system data
10:39:00.183 [JavaFX Application Thread] DEBUG FileSystemAccess     - Writing to: D:\java\REVIVEMYOC\system\fxgl.bundle
10:39:00.183 [JavaFX Application Thread] DEBUG Async                - Shutting down background threads
10:39:00.184 [JavaFX Application Thread] DEBUG PrimaryStageWindow   - Closing main window
10:39:00.201 [JavaFX Application Thread] DEBUG Logger               - Closing Logger
