11:11:47.482 [main                     ] DEBUG Logger               - Configured Logger
11:11:47.503 [main                     ] DEBUG GameApplication      - Logging settings
Title: 复活吧我的oc
Version: 0.1
Width: 2000
Height: 1100
Fullscreen: false
Intro: false
Profiling: false
Single step:false
App Mode: DEVELOPER
Menu Key: ESCAPE
Stage Style: DECORATED
Scene Factory: class com.almasb.fxgl.app.scene.SceneFactory

11:11:48.173 [JavaFX Application Thread] DEBUG FXGLApplication      - Initializing FXGL
11:11:48.178 [JavaFX Application Thread] INFO  Engine               - FXGL-17 (31.12.2021 18.16) on WINDOWS (J:21.0.5 FX:21.0.4)
11:11:48.178 [JavaFX Application Thread] DEBUG Engine               - JRE Vendor Name: Oracle Corporation
11:11:48.178 [JavaFX Application Thread] DEBUG Engine               - Running on OS: Windows 11 version 10.0
11:11:48.178 [JavaFX Application Thread] DEBUG Engine               - Architecture: amd64
11:11:48.179 [JavaFX Application Thread] INFO  Engine               - Source code and latest versions at: https://github.com/AlmasB/FXGL
11:11:48.179 [JavaFX Application Thread] INFO  Engine               -       Ask questions and discuss at: https://github.com/AlmasB/FXGL/discussions
11:11:48.179 [JavaFX Application Thread] INFO  Engine               -              Join the FXGL chat at: https://gitter.im/AlmasB/FXGL
11:11:48.311 [JavaFX Application Thread] DEBUG PrimaryStageWindow   - Creating a JavaFX scene
11:11:48.312 [JavaFX Application Thread] DEBUG PrimaryStageWindow   - Target size > screen size
11:11:48.370 [JavaFX Application Thread] DEBUG PrimaryStageWindow   - Target settings size: 2000.0 x 1100.0
11:11:48.370 [JavaFX Application Thread] DEBUG PrimaryStageWindow   - Scaled scene size:    1468.0 x 821.0
11:11:48.370 [JavaFX Application Thread] DEBUG PrimaryStageWindow   - Scaled ratio: (0.734, 0.7463636363636363)
11:11:48.372 [JavaFX Application Thread] DEBUG PrimaryStageWindow   - Set initial scene to FXGLStartupScene
11:11:48.375 [JavaFX Application Thread] DEBUG PrimaryStageWindow   - Opening main window
11:11:48.818 [JavaFX Application Thread] DEBUG PrimaryStageWindow   - Window border size: (14.6666259765625, 37.66668701171875)
11:11:48.818 [JavaFX Application Thread] DEBUG PrimaryStageWindow   - Scaled size: 1468.0 x 821.0
11:11:48.818 [JavaFX Application Thread] DEBUG PrimaryStageWindow   - Scaled ratio: (0.734, 0.7463636363636363)
11:11:48.818 [JavaFX Application Thread] DEBUG PrimaryStageWindow   - Scene size: 1468.0 x 821.0
11:11:48.819 [JavaFX Application Thread] DEBUG PrimaryStageWindow   - Stage size: 1482.6666259765625 x 858.6666870117188
11:11:48.825 [FXGL Background Thread 1 ] DEBUG Engine               - Initializing environment variables
11:11:48.864 [FXGL Background Thread 1 ] DEBUG FXGLAssetLoaderServi - User app class for loading assets: class com.game.revivemyoc.GameApp
11:11:48.864 [FXGL Background Thread 1 ] DEBUG GameApplicationServi - Applying CSS: fxgl_dark.css
11:11:48.866 [FXGL Background Thread 1 ] DEBUG FXGLAssetLoaderServi - Loading from file system: jar:file:/C:/Users/86138/.m2/repository/com/github/AlmasB/fxgl/17/fxgl-17.jar!/fxglassets/ui/css/fxgl_dark.css
11:11:48.916 [FXGL Background Thread 1 ] DEBUG GameApplicationServi - Initializing application scenes
11:11:48.999 [FXGL Background Thread 1 ] DEBUG GameWorld            - Game world initialized
11:11:49.055 [FXGL Background Thread 1 ] DEBUG PhysicsWorld         - Physics world initialized: appHeight=1100, physics.ppm=50.0
11:11:49.055 [FXGL Background Thread 1 ] DEBUG PhysicsWorld         - Using strategy: BRUTE_FORCE
11:11:49.058 [FXGL Background Thread 1 ] DEBUG GameScene            - Game scene initialized: 2000x1100
11:11:49.070 [FXGL Background Thread 1 ] DEBUG FXGL.DefaultMenu     - createMenuBodyGameMenu()
11:11:49.084 [FXGL Background Thread 1 ] DEBUG FXGL.DefaultMenu     - createOptionsMenu()
11:11:49.092 [FXGL Background Thread 1 ] DEBUG FXGLAssetLoaderServi - Loading from file system: jar:file:/C:/Users/86138/.m2/repository/com/github/AlmasB/fxgl/17/fxgl-17.jar!/fxglassets/textures/particles/smoke.png
11:11:49.186 [FXGL Background Thread 1 ] DEBUG FXGLAssetLoaderServi - Loading from file system: jar:file:/C:/Users/86138/.m2/repository/com/github/AlmasB/fxgl/17/fxgl-17.jar!/fxglassets/textures/particles/trace_horizontal.png
11:11:49.215 [FXGL Background Thread 1 ] DEBUG GameApplicationServi - Application scenes initialized
11:11:49.227 [FXGL Background Thread 1 ] DEBUG SystemBundleService  - Loading FXGL system data
11:11:49.229 [FXGL Background Thread 1 ] DEBUG FileSystemAccess     - Reading from: D:\java\REVIVEMYOC\system\fxgl.bundle
11:11:49.232 [FXGL Background Thread 1 ] DEBUG SystemBundleService  - Bundle FXGL: {}
11:11:49.232 [FXGL Background Thread 1 ] DEBUG UpdaterService       - Checking for updates
11:11:49.237 [FXGL Background Thread 4 ] DEBUG FXGLApplication      - Loading fonts
11:11:49.237 [FXGL Background Thread 4 ] DEBUG FXGLAssetLoaderServi - Loading from file system: jar:file:/C:/Users/86138/.m2/repository/com/github/AlmasB/fxgl/17/fxgl-17.jar!/fxglassets/ui/fonts/VarelaRound-Regular.ttf
11:11:49.237 [FXGL Background Thread 1 ] DEBUG FXGLApplication      - Loading default localization
11:11:49.238 [FXGL Background Thread 1 ] DEBUG FXGLAssetLoaderServi - Loading from file system: jar:file:/C:/Users/86138/.m2/repository/com/github/AlmasB/fxgl/17/fxgl-17.jar!/fxglassets/languages/english.lang
11:11:49.250 [FXGL Background Thread 4 ] DEBUG FXGLAssetLoaderServi - Loading from file system: jar:file:/C:/Users/86138/.m2/repository/com/github/AlmasB/fxgl/17/fxgl-17.jar!/fxglassets/ui/fonts/Abel-Regular.ttf
11:11:49.255 [FXGL Background Thread 4 ] DEBUG FXGLAssetLoaderServi - Loading from file system: jar:file:/C:/Users/86138/.m2/repository/com/github/AlmasB/fxgl/17/fxgl-17.jar!/fxglassets/ui/fonts/TerminalLandMono-Regular.otf
11:11:49.261 [FXGL Background Thread 4 ] DEBUG FXGLAssetLoaderServi - Loading from file system: jar:file:/C:/Users/86138/.m2/repository/com/github/AlmasB/fxgl/17/fxgl-17.jar!/fxglassets/ui/fonts/Courier-Prime.ttf
11:11:49.267 [JavaFX Application Thread] DEBUG FXGLApplication      - Registering font factories with UI factory
11:11:49.270 [FXGL Background Thread 1 ] INFO  FXGLApplication      - FXGL initialization took: 0.445 sec
11:11:49.271 [JavaFX Application Thread] DEBUG FXGLAssetLoaderServi - Loading from file system: jar:file:/C:/Users/86138/.m2/repository/com/github/AlmasB/fxgl/17/fxgl-17.jar!/fxglassets/textures/fxgl_icon.png
11:11:49.291 [JavaFX Application Thread] DEBUG FXGLAssetLoaderServi - Loading from file system: jar:file:/C:/Users/86138/.m2/repository/com/github/AlmasB/fxgl/17/fxgl-17.jar!/fxglassets/textures/fxgl_default_cursor.png
11:11:49.302 [JavaFX Application Thread] DEBUG Input                - Registered new binding: Screenshot - CTRL+8
11:11:49.302 [JavaFX Application Thread] DEBUG Input                - Registered new binding: System info dump - CTRL+9
11:11:49.303 [JavaFX Application Thread] DEBUG Input                - Registered new binding: Restart - CTRL+R
11:11:49.303 [JavaFX Application Thread] DEBUG Input                - Registered new binding: Toggle Debug Camera - CTRL+7
11:11:49.305 [JavaFX Application Thread] DEBUG LoopRunner           - Starting loop
11:11:49.305 [JavaFX Application Thread] DEBUG LoopRunner           - Initializing JavaFX AnimationTimerLoop
11:11:49.307 [JavaFX Application Thread] DEBUG GameApplicationServi - Starting new game
11:11:49.308 [JavaFX Application Thread] DEBUG Input                - Clearing active input actions
11:11:49.320 [JavaFX Application Thread] DEBUG GameApplicationServi - Removing overlay from FXGLStartupScene and adding to FXGLLoadingScene
11:11:49.321 [JavaFX Application Thread] DEBUG PrimaryStageWindow   - FXGLStartupScene -> FXGLLoadingScene
11:11:49.321 [JavaFX Application Thread] DEBUG GameApplicationServi - Clearing previous game
11:11:49.321 [JavaFX Application Thread] DEBUG GameScene            - Clearing game scene
11:11:49.321 [JavaFX Application Thread] DEBUG GameWorld            - Clearing game world
11:11:49.321 [JavaFX Application Thread] DEBUG PhysicsWorld         - Clearing physics world
11:11:49.323 [FXGL Background Thread 1 ] DEBUG FXGLApplication      - Initializing game
11:11:49.328 [FXGL Background Thread 1 ] WARN  FXGLAssetLoaderServi - Asset "/assets/textures/background.png" was not found!
11:11:49.329 [FXGL Background Thread 1 ] WARN  FXGLAssetLoaderServi - Failed to load RESIZABLE_IMAGE
11:11:49.436 [FXGL Background Thread 1 ] WARN  FXGLAssetLoaderServi - Asset "/assets/textures/login.png" was not found!
11:11:49.436 [FXGL Background Thread 1 ] WARN  FXGLAssetLoaderServi - Failed to load RESIZABLE_IMAGE
11:11:49.438 [FXGL Background Thread 1 ] INFO  FXGLApplication      - Game initialization took: 0.114 sec
11:11:49.444 [JavaFX Application Thread] DEBUG Input                - Clearing active input actions
11:11:49.453 [JavaFX Application Thread] DEBUG GameApplicationServi - Removing overlay from FXGLLoadingScene and adding to GameScene
11:11:49.454 [JavaFX Application Thread] DEBUG PrimaryStageWindow   - FXGLLoadingScene -> GameScene
11:11:52.092 [JavaFX Application Thread] DEBUG FXGLApplication      - Exiting FXGL
11:11:52.092 [JavaFX Application Thread] DEBUG LoopRunner           - Stopping loop
11:11:52.092 [JavaFX Application Thread] DEBUG SystemBundleService  - Saving FXGL system data
11:11:52.094 [JavaFX Application Thread] DEBUG FileSystemAccess     - Writing to: D:\java\REVIVEMYOC\system\fxgl.bundle
11:11:52.095 [JavaFX Application Thread] DEBUG Async                - Shutting down background threads
11:11:52.095 [JavaFX Application Thread] DEBUG PrimaryStageWindow   - Closing main window
11:11:52.111 [JavaFX Application Thread] DEBUG Logger               - Closing Logger
